mode: set
github.com/FacileStudio/nacelle-tui/internal/diff/cmdpath.go:9.49,11.14 2 1
github.com/FacileStudio/nacelle-tui/internal/diff/cmdpath.go:11.14,13.3 1 1
github.com/FacileStudio/nacelle-tui/internal/diff/cmdpath.go:14.2,14.28 1 0
github.com/FacileStudio/nacelle-tui/internal/diff/cmdpath.go:17.52,18.60 1 1
github.com/FacileStudio/nacelle-tui/internal/diff/cmdpath.go:18.60,19.45 1 1
github.com/FacileStudio/nacelle-tui/internal/diff/cmdpath.go:19.45,21.4 1 0
github.com/FacileStudio/nacelle-tui/internal/diff/cmdpath.go:23.2,23.18 1 1
github.com/FacileStudio/nacelle-tui/internal/diff/cmdpath.go:26.48,28.27 2 0
github.com/FacileStudio/nacelle-tui/internal/diff/cmdpath.go:28.27,29.39 1 0
github.com/FacileStudio/nacelle-tui/internal/diff/cmdpath.go:29.39,30.12 1 0
github.com/FacileStudio/nacelle-tui/internal/diff/cmdpath.go:32.3,32.22 1 0
github.com/FacileStudio/nacelle-tui/internal/diff/cmdpath.go:32.22,33.12 1 0
github.com/FacileStudio/nacelle-tui/internal/diff/cmdpath.go:35.3,35.37 1 0
github.com/FacileStudio/nacelle-tui/internal/diff/cmdpath.go:37.2,37.18 1 0
github.com/FacileStudio/nacelle-tui/internal/diff/cmdpath.go:40.41,41.28 1 0
github.com/FacileStudio/nacelle-tui/internal/diff/cmdpath.go:41.28,43.3 1 0
github.com/FacileStudio/nacelle-tui/internal/diff/cmdpath.go:44.2,44.95 1 0
github.com/FacileStudio/nacelle-tui/internal/diff/cmdpath.go:47.33,48.49 1 0
github.com/FacileStudio/nacelle-tui/internal/diff/cmdpath.go:48.49,50.3 1 0
github.com/FacileStudio/nacelle-tui/internal/diff/cmdpath.go:51.2,51.76 1 0
github.com/FacileStudio/nacelle-tui/internal/diff/cmdpath.go:51.76,53.3 1 0
github.com/FacileStudio/nacelle-tui/internal/diff/cmdpath.go:54.2,54.13 1 0
github.com/FacileStudio/nacelle-tui/internal/diff/diff.go:47.63,48.22 1 1
github.com/FacileStudio/nacelle-tui/internal/diff/diff.go:48.22,50.3 1 1
github.com/FacileStudio/nacelle-tui/internal/diff/diff.go:51.2,52.16 2 1
github.com/FacileStudio/nacelle-tui/internal/diff/diff.go:52.16,54.3 1 1
github.com/FacileStudio/nacelle-tui/internal/diff/diff.go:55.2,55.39 1 1
github.com/FacileStudio/nacelle-tui/internal/diff/diff.go:59.90,60.14 1 1
github.com/FacileStudio/nacelle-tui/internal/diff/diff.go:61.19,62.32 1 1
github.com/FacileStudio/nacelle-tui/internal/diff/diff.go:63.20,64.39 1 1
github.com/FacileStudio/nacelle-tui/internal/diff/diff.go:65.21,66.40 1 1
github.com/FacileStudio/nacelle-tui/internal/diff/diff.go:67.10,68.29 1 0
github.com/FacileStudio/nacelle-tui/internal/diff/diff.go:72.75,76.26 4 1
github.com/FacileStudio/nacelle-tui/internal/diff/diff.go:76.26,78.3 1 1
github.com/FacileStudio/nacelle-tui/internal/diff/diff.go:79.2,79.67 1 1
github.com/FacileStudio/nacelle-tui/internal/diff/diff.go:82.89,85.18 3 1
github.com/FacileStudio/nacelle-tui/internal/diff/diff.go:85.18,87.3 1 1
github.com/FacileStudio/nacelle-tui/internal/diff/diff.go:88.2,88.86 1 1
github.com/FacileStudio/nacelle-tui/internal/diff/diff.go:91.90,93.9 2 1
github.com/FacileStudio/nacelle-tui/internal/diff/diff.go:93.9,95.3 1 0
github.com/FacileStudio/nacelle-tui/internal/diff/diff.go:96.2,97.9 2 1
github.com/FacileStudio/nacelle-tui/internal/diff/diff.go:97.9,99.3 1 1
github.com/FacileStudio/nacelle-tui/internal/diff/diff.go:100.2,100.72 1 0
github.com/FacileStudio/nacelle-tui/internal/diff/diff.go:104.80,106.9 2 1
github.com/FacileStudio/nacelle-tui/internal/diff/diff.go:106.9,108.3 1 1
github.com/FacileStudio/nacelle-tui/internal/diff/diff.go:109.2,110.52 2 1
github.com/FacileStudio/nacelle-tui/internal/diff/diff.go:110.52,112.3 1 0
github.com/FacileStudio/nacelle-tui/internal/diff/diff.go:113.2,113.20 1 1
github.com/FacileStudio/nacelle-tui/internal/diff/diff.go:120.46,122.16 2 1
github.com/FacileStudio/nacelle-tui/internal/diff/diff.go:122.16,124.3 1 1
github.com/FacileStudio/nacelle-tui/internal/diff/diff.go:125.2,125.20 1 1
github.com/FacileStudio/nacelle-tui/internal/diff/difftext.go:21.47,27.2 4 1
github.com/FacileStudio/nacelle-tui/internal/diff/difftext.go:32.52,34.85 2 1
github.com/FacileStudio/nacelle-tui/internal/diff/difftext.go:34.85,36.3 1 1
github.com/FacileStudio/nacelle-tui/internal/diff/difftext.go:37.2,39.62 2 1
github.com/FacileStudio/nacelle-tui/internal/diff/difftext.go:39.62,41.3 1 1
github.com/FacileStudio/nacelle-tui/internal/diff/difftext.go:42.2,42.23 1 1
github.com/FacileStudio/nacelle-tui/internal/diff/difftext.go:46.41,48.29 2 1
github.com/FacileStudio/nacelle-tui/internal/diff/difftext.go:48.29,50.3 1 1
github.com/FacileStudio/nacelle-tui/internal/diff/difftext.go:51.2,51.12 1 1
github.com/FacileStudio/nacelle-tui/internal/diff/difftext.go:57.49,58.43 1 1
github.com/FacileStudio/nacelle-tui/internal/diff/difftext.go:58.43,60.3 1 1
github.com/FacileStudio/nacelle-tui/internal/diff/difftext.go:61.2,61.30 1 1
github.com/FacileStudio/nacelle-tui/internal/diff/difftext.go:66.53,68.52 2 1
github.com/FacileStudio/nacelle-tui/internal/diff/difftext.go:68.52,69.22 1 1
github.com/FacileStudio/nacelle-tui/internal/diff/difftext.go:69.22,71.4 1 1
github.com/FacileStudio/nacelle-tui/internal/diff/difftext.go:72.3,72.21 1 1
github.com/FacileStudio/nacelle-tui/internal/diff/difftext.go:72.21,74.4 1 1
github.com/FacileStudio/nacelle-tui/internal/diff/difftext.go:76.2,76.12 1 1
github.com/FacileStudio/nacelle-tui/internal/diff/difftext.go:82.46,86.55 3 1
github.com/FacileStudio/nacelle-tui/internal/diff/difftext.go:86.55,87.10 1 1
github.com/FacileStudio/nacelle-tui/internal/diff/difftext.go:88.67,91.7 3 0
github.com/FacileStudio/nacelle-tui/internal/diff/difftext.go:92.79,94.7 2 1
github.com/FacileStudio/nacelle-tui/internal/diff/difftext.go:95.11,97.7 2 1
github.com/FacileStudio/nacelle-tui/internal/diff/difftext.go:100.2,100.12 1 1
github.com/FacileStudio/nacelle-tui/internal/diff/difftext.go:105.47,107.23 2 1
github.com/FacileStudio/nacelle-tui/internal/diff/difftext.go:107.23,109.3 1 1
github.com/FacileStudio/nacelle-tui/internal/diff/difftext.go:110.2,110.40 1 1
github.com/FacileStudio/nacelle-tui/internal/diff/difftext.go:110.40,111.40 1 1
github.com/FacileStudio/nacelle-tui/internal/diff/difftext.go:111.40,112.29 1 1
github.com/FacileStudio/nacelle-tui/internal/diff/difftext.go:112.29,114.13 2 0
github.com/FacileStudio/nacelle-tui/internal/diff/difftext.go:116.4,116.51 1 1
github.com/FacileStudio/nacelle-tui/internal/diff/difftext.go:119.2,119.14 1 1
github.com/FacileStudio/nacelle-tui/internal/diff/difftext.go:125.50,127.26 2 1
github.com/FacileStudio/nacelle-tui/internal/diff/difftext.go:127.26,128.21 1 1
github.com/FacileStudio/nacelle-tui/internal/diff/difftext.go:128.21,129.12 1 1
github.com/FacileStudio/nacelle-tui/internal/diff/difftext.go:131.3,132.71 2 1
github.com/FacileStudio/nacelle-tui/internal/diff/difftext.go:132.71,134.12 2 1
github.com/FacileStudio/nacelle-tui/internal/diff/difftext.go:136.3,136.46 1 1
github.com/FacileStudio/nacelle-tui/internal/diff/difftext.go:139.2,140.27 2 1
github.com/FacileStudio/nacelle-tui/internal/diff/difftext.go:140.27,142.3 1 1
github.com/FacileStudio/nacelle-tui/internal/diff/difftext.go:143.2,143.15 1 1
github.com/FacileStudio/nacelle-tui/internal/diff/renderdiff.go:15.43,16.16 1 1
github.com/FacileStudio/nacelle-tui/internal/diff/renderdiff.go:16.16,18.3 1 0
github.com/FacileStudio/nacelle-tui/internal/diff/renderdiff.go:19.2,19.39 1 1
github.com/FacileStudio/nacelle-tui/internal/diff/renderdiff.go:25.108,26.27 1 1
github.com/FacileStudio/nacelle-tui/internal/diff/renderdiff.go:26.27,27.30 1 1
github.com/FacileStudio/nacelle-tui/internal/diff/renderdiff.go:27.30,30.4 2 1
github.com/FacileStudio/nacelle-tui/internal/diff/renderdiff.go:31.3,32.10 2 1
github.com/FacileStudio/nacelle-tui/internal/diff/renderdiff.go:34.2,34.21 1 1
github.com/FacileStudio/nacelle-tui/internal/diff/renderdiff.go:39.66,41.17 2 1
github.com/FacileStudio/nacelle-tui/internal/diff/renderdiff.go:42.11,43.38 1 1
github.com/FacileStudio/nacelle-tui/internal/diff/renderdiff.go:44.11,45.36 1 1
github.com/FacileStudio/nacelle-tui/internal/diff/renderdiff.go:47.2,47.92 1 1
github.com/FacileStudio/nacelle-tui/internal/diff/renderdiff.go:52.39,53.16 1 1
github.com/FacileStudio/nacelle-tui/internal/diff/renderdiff.go:53.16,55.3 1 1
github.com/FacileStudio/nacelle-tui/internal/diff/renderdiff.go:56.2,56.60 1 1
github.com/FacileStudio/nacelle-tui/internal/diff/renderdiff.go:68.76,69.56 1 1
github.com/FacileStudio/nacelle-tui/internal/diff/renderdiff.go:69.56,71.3 1 1
github.com/FacileStudio/nacelle-tui/internal/diff/renderdiff.go:72.2,73.22 2 1
github.com/FacileStudio/nacelle-tui/internal/diff/renderdiff.go:73.22,75.3 1 0
github.com/FacileStudio/nacelle-tui/internal/diff/renderdiff.go:77.2,79.31 3 1
github.com/FacileStudio/nacelle-tui/internal/diff/renderdiff.go:79.31,80.12 1 1
github.com/FacileStudio/nacelle-tui/internal/diff/renderdiff.go:80.12,83.4 2 0
github.com/FacileStudio/nacelle-tui/internal/diff/renderdiff.go:84.3,86.10 3 1
github.com/FacileStudio/nacelle-tui/internal/diff/renderdiff.go:86.10,87.9 1 1
github.com/FacileStudio/nacelle-tui/internal/diff/renderdiff.go:90.2,90.21 1 1
github.com/FacileStudio/nacelle-tui/internal/diff/toolinput.go:13.67,15.51 2 1
github.com/FacileStudio/nacelle-tui/internal/diff/toolinput.go:15.51,17.3 1 1
github.com/FacileStudio/nacelle-tui/internal/diff/toolinput.go:18.2,19.21 2 1
github.com/FacileStudio/nacelle-tui/internal/diff/toolinput.go:19.21,20.60 1 1
github.com/FacileStudio/nacelle-tui/internal/diff/toolinput.go:20.60,22.4 1 1
github.com/FacileStudio/nacelle-tui/internal/diff/toolinput.go:24.2,24.20 1 1
github.com/FacileStudio/nacelle-tui/internal/diff/toolinput.go:27.53,29.28 2 1
github.com/FacileStudio/nacelle-tui/internal/diff/toolinput.go:29.28,31.3 1 0
github.com/FacileStudio/nacelle-tui/internal/diff/toolinput.go:32.2,32.16 1 1
github.com/FacileStudio/nacelle-tui/internal/diff/toolinput.go:32.16,34.3 1 0
github.com/FacileStudio/nacelle-tui/internal/diff/toolinput.go:35.2,36.25 2 1
github.com/FacileStudio/nacelle-tui/internal/diff/toolinput.go:36.25,38.3 1 1
github.com/FacileStudio/nacelle-tui/internal/diff/toolinput.go:39.2,39.12 1 1
github.com/FacileStudio/nacelle-tui/internal/diff/toolinput.go:42.88,44.16 2 1
github.com/FacileStudio/nacelle-tui/internal/diff/toolinput.go:44.16,46.3 1 0
github.com/FacileStudio/nacelle-tui/internal/diff/toolinput.go:47.2,48.9 2 1
github.com/FacileStudio/nacelle-tui/internal/diff/toolinput.go:48.9,50.3 1 0
github.com/FacileStudio/nacelle-tui/internal/diff/toolinput.go:51.2,51.34 1 1
github.com/FacileStudio/nacelle-tui/internal/diff/toolinput.go:51.34,53.3 1 1
github.com/FacileStudio/nacelle-tui/internal/diff/toolinput.go:54.2,55.45 2 1
github.com/FacileStudio/nacelle-tui/internal/diff/toolinput.go:55.45,57.3 1 0
github.com/FacileStudio/nacelle-tui/internal/diff/toolinput.go:58.2,59.12 2 1
github.com/FacileStudio/nacelle-tui/internal/skills/skillcmd.go:9.51,11.27 2 1
github.com/FacileStudio/nacelle-tui/internal/skills/skillcmd.go:11.27,12.43 1 1
github.com/FacileStudio/nacelle-tui/internal/skills/skillcmd.go:12.43,14.4 1 1
github.com/FacileStudio/nacelle-tui/internal/skills/skillcmd.go:16.2,16.15 1 1
github.com/FacileStudio/nacelle-tui/internal/skills/skillcmd.go:20.58,22.27 2 1
github.com/FacileStudio/nacelle-tui/internal/skills/skillcmd.go:22.27,24.3 1 1
github.com/FacileStudio/nacelle-tui/internal/skills/skillcmd.go:25.2,26.14 2 1
github.com/FacileStudio/nacelle-tui/internal/skills/skillcmd.go:30.56,32.16 2 1
github.com/FacileStudio/nacelle-tui/internal/skills/skillcmd.go:32.16,34.3 1 1
github.com/FacileStudio/nacelle-tui/internal/skills/skillcmd.go:35.2,36.16 2 1
github.com/FacileStudio/nacelle-tui/internal/skills/skillcmd.go:36.16,38.3 1 1
github.com/FacileStudio/nacelle-tui/internal/skills/skillcmd.go:39.2,39.18 1 1
github.com/FacileStudio/nacelle-tui/internal/skills/skilldirs.go:15.41,17.27 2 1
github.com/FacileStudio/nacelle-tui/internal/skills/skilldirs.go:17.27,19.3 1 1
github.com/FacileStudio/nacelle-tui/internal/skills/skilldirs.go:20.2,20.14 1 1
github.com/FacileStudio/nacelle-tui/internal/skills/skilldirs.go:24.36,26.2 1 1
github.com/FacileStudio/nacelle-tui/internal/skills/skilldirs.go:34.36,35.49 1 1
github.com/FacileStudio/nacelle-tui/internal/skills/skilldirs.go:35.49,37.3 1 1
github.com/FacileStudio/nacelle-tui/internal/skills/skilldirs.go:38.2,39.16 2 1
github.com/FacileStudio/nacelle-tui/internal/skills/skilldirs.go:39.16,41.3 1 0
github.com/FacileStudio/nacelle-tui/internal/skills/skilldirs.go:42.2,42.58 1 1
github.com/FacileStudio/nacelle-tui/internal/skills/skillrender.go:13.42,14.22 1 1
github.com/FacileStudio/nacelle-tui/internal/skills/skillrender.go:14.22,16.3 1 1
github.com/FacileStudio/nacelle-tui/internal/skills/skillrender.go:17.2,21.27 4 1
github.com/FacileStudio/nacelle-tui/internal/skills/skillrender.go:21.27,23.3 1 1
github.com/FacileStudio/nacelle-tui/internal/skills/skillrender.go:24.2,24.22 1 1
github.com/FacileStudio/nacelle-tui/internal/skills/skillrender.go:38.58,40.22 2 1
github.com/FacileStudio/nacelle-tui/internal/skills/skillrender.go:40.22,42.24 2 1
github.com/FacileStudio/nacelle-tui/internal/skills/skillrender.go:42.24,44.4 1 1
github.com/FacileStudio/nacelle-tui/internal/skills/skillrender.go:45.3,47.55 1 1
github.com/FacileStudio/nacelle-tui/internal/skills/skillrender.go:49.2,49.20 1 1
github.com/FacileStudio/nacelle-tui/internal/skills/skillrender.go:49.20,52.3 1 1
github.com/FacileStudio/nacelle-tui/internal/skills/skillrender.go:53.2,53.33 1 1
github.com/FacileStudio/nacelle-tui/internal/skills/skills.go:62.78,64.2 1 0
github.com/FacileStudio/nacelle-tui/internal/skills/skills.go:66.78,70.16 4 1
github.com/FacileStudio/nacelle-tui/internal/skills/skills.go:70.16,72.3 1 0
github.com/FacileStudio/nacelle-tui/internal/skills/skills.go:74.2,75.14 2 1
github.com/FacileStudio/nacelle-tui/internal/skills/skills.go:75.14,76.34 1 1
github.com/FacileStudio/nacelle-tui/internal/skills/skills.go:76.34,78.4 1 1
github.com/FacileStudio/nacelle-tui/internal/skills/skills.go:79.3,79.26 1 1
github.com/FacileStudio/nacelle-tui/internal/skills/skills.go:79.26,81.4 1 1
github.com/FacileStudio/nacelle-tui/internal/skills/skills.go:84.2,85.33 2 1
github.com/FacileStudio/nacelle-tui/internal/skills/skills.go:85.33,86.27 1 1
github.com/FacileStudio/nacelle-tui/internal/skills/skills.go:86.27,88.4 1 1
github.com/FacileStudio/nacelle-tui/internal/skills/skills.go:88.9,90.4 1 1
github.com/FacileStudio/nacelle-tui/internal/skills/skills.go:93.2,97.3 2 1
github.com/FacileStudio/nacelle-tui/internal/skills/skills.go:104.29,106.15 2 1
github.com/FacileStudio/nacelle-tui/internal/skills/skills.go:106.15,108.3 1 0
github.com/FacileStudio/nacelle-tui/internal/skills/skills.go:109.2,109.22 1 1
github.com/FacileStudio/nacelle-tui/internal/skills/skills.go:115.31,117.16 2 1
github.com/FacileStudio/nacelle-tui/internal/skills/skills.go:117.16,119.3 1 0
github.com/FacileStudio/nacelle-tui/internal/skills/skills.go:120.2,120.49 1 1
github.com/FacileStudio/nacelle-tui/internal/skills/skills.go:142.51,144.16 2 1
github.com/FacileStudio/nacelle-tui/internal/skills/skills.go:144.16,146.3 1 0
github.com/FacileStudio/nacelle-tui/internal/skills/skills.go:148.2,151.20 3 1
github.com/FacileStudio/nacelle-tui/internal/skills/skills.go:151.20,153.89 2 1
github.com/FacileStudio/nacelle-tui/internal/skills/skills.go:153.89,155.4 1 1
github.com/FacileStudio/nacelle-tui/internal/skills/skills.go:157.3,158.20 2 1
github.com/FacileStudio/nacelle-tui/internal/skills/skills.go:158.20,160.4 1 1
github.com/FacileStudio/nacelle-tui/internal/skills/skills.go:161.3,161.15 1 1
github.com/FacileStudio/nacelle-tui/internal/skills/skills.go:175.35,177.88 2 1
github.com/FacileStudio/nacelle-tui/internal/skills/skills.go:177.88,178.35 1 1
github.com/FacileStudio/nacelle-tui/internal/skills/skills.go:178.35,180.4 1 1
github.com/FacileStudio/nacelle-tui/internal/skills/skills.go:181.3,182.46 2 1
github.com/FacileStudio/nacelle-tui/internal/skills/skills.go:182.46,184.4 1 1
github.com/FacileStudio/nacelle-tui/internal/skills/skills.go:185.3,185.40 1 1
github.com/FacileStudio/nacelle-tui/internal/skills/skills.go:185.40,187.4 1 1
github.com/FacileStudio/nacelle-tui/internal/skills/skills.go:188.3,188.26 1 1
github.com/FacileStudio/nacelle-tui/internal/skills/skills.go:189.17,191.3 1 0
github.com/FacileStudio/nacelle-tui/internal/skills/skills.go:192.2,192.14 1 1
github.com/FacileStudio/nacelle-tui/internal/skills/skills.go:200.44,202.16 2 1
github.com/FacileStudio/nacelle-tui/internal/skills/skills.go:202.16,204.3 1 0
github.com/FacileStudio/nacelle-tui/internal/skills/skills.go:206.2,207.9 2 1
github.com/FacileStudio/nacelle-tui/internal/skills/skills.go:207.9,209.3 1 1
github.com/FacileStudio/nacelle-tui/internal/skills/skills.go:211.2,212.61 2 1
github.com/FacileStudio/nacelle-tui/internal/skills/skills.go:212.61,214.3 1 0
github.com/FacileStudio/nacelle-tui/internal/skills/skills.go:215.2,215.47 1 1
github.com/FacileStudio/nacelle-tui/internal/skills/skills.go:215.47,217.3 1 1
github.com/FacileStudio/nacelle-tui/internal/skills/skills.go:218.2,218.80 1 1
github.com/FacileStudio/nacelle-tui/internal/skills/skills.go:223.49,224.42 1 1
github.com/FacileStudio/nacelle-tui/internal/skills/skills.go:224.42,226.3 1 1
github.com/FacileStudio/nacelle-tui/internal/skills/skills.go:227.2,229.13 3 1
github.com/FacileStudio/nacelle-tui/internal/skills/skills.go:229.13,231.3 1 0
github.com/FacileStudio/nacelle-tui/internal/skills/skills.go:232.2,232.25 1 1
github.com/FacileStudio/nacelle-tui/internal/skills/trust.go:21.33,23.16 2 1
github.com/FacileStudio/nacelle-tui/internal/skills/trust.go:23.16,25.3 1 0
github.com/FacileStudio/nacelle-tui/internal/skills/trust.go:26.2,26.45 1 1
github.com/FacileStudio/nacelle-tui/internal/skills/trust.go:41.50,43.16 2 1
github.com/FacileStudio/nacelle-tui/internal/skills/trust.go:43.16,45.3 1 0
github.com/FacileStudio/nacelle-tui/internal/skills/trust.go:46.2,47.24 2 1
github.com/FacileStudio/nacelle-tui/internal/skills/trust.go:47.24,49.3 1 1
github.com/FacileStudio/nacelle-tui/internal/skills/trust.go:50.2,50.16 1 1
github.com/FacileStudio/nacelle-tui/internal/skills/trust.go:50.16,52.3 1 0
github.com/FacileStudio/nacelle-tui/internal/skills/trust.go:53.2,54.52 2 1
github.com/FacileStudio/nacelle-tui/internal/skills/trust.go:54.52,56.3 1 0
github.com/FacileStudio/nacelle-tui/internal/skills/trust.go:57.2,57.19 1 1
github.com/FacileStudio/nacelle-tui/internal/skills/trust.go:62.52,64.16 2 1
github.com/FacileStudio/nacelle-tui/internal/skills/trust.go:64.16,66.3 1 0
github.com/FacileStudio/nacelle-tui/internal/skills/trust.go:67.2,67.48 1 1
github.com/FacileStudio/nacelle-tui/internal/skills/trust.go:67.48,69.3 1 0
github.com/FacileStudio/nacelle-tui/internal/skills/trust.go:70.2,71.16 2 1
github.com/FacileStudio/nacelle-tui/internal/skills/trust.go:71.16,73.3 1 0
github.com/FacileStudio/nacelle-tui/internal/skills/trust.go:74.2,74.64 1 1
github.com/FacileStudio/nacelle-tui/internal/skills/trust.go:78.61,81.2 2 1
github.com/FacileStudio/nacelle-tui/internal/skills/trust.go:85.54,87.2 1 1
github.com/FacileStudio/nacelle-tui/internal/queue/queue.go:13.19,15.2 1 1
github.com/FacileStudio/nacelle-tui/internal/queue/queue.go:18.34,20.2 1 0
github.com/FacileStudio/nacelle-tui/internal/queue/queue.go:23.37,25.2 1 0
github.com/FacileStudio/nacelle-tui/internal/queue/queue.go:28.27,30.2 1 1
github.com/FacileStudio/nacelle-tui/internal/queue/queue.go:33.34,35.2 1 1
github.com/FacileStudio/nacelle-tui/internal/queue/queue.go:38.28,42.2 3 1
github.com/FacileStudio/nacelle-tui/internal/queue/queue.go:45.34,47.2 1 1
github.com/FacileStudio/nacelle-tui/internal/queue/queue.go:50.37,54.2 3 1
github.com/FacileStudio/nacelle-tui/internal/queue/view.go:12.45,14.2 1 1
github.com/FacileStudio/nacelle-tui/internal/queue/view.go:17.42,18.44 1 1
github.com/FacileStudio/nacelle-tui/internal/queue/view.go:18.44,20.3 1 1
github.com/FacileStudio/nacelle-tui/internal/queue/view.go:21.2,21.31 1 1
github.com/FacileStudio/nacelle-tui/internal/queue/view.go:25.47,26.44 1 1
github.com/FacileStudio/nacelle-tui/internal/queue/view.go:26.44,28.3 1 1
github.com/FacileStudio/nacelle-tui/internal/queue/view.go:29.2,30.78 2 1
github.com/FacileStudio/nacelle-tui/internal/queue/view.go:34.41,36.24 2 1
github.com/FacileStudio/nacelle-tui/internal/queue/view.go:36.24,38.3 1 1
github.com/FacileStudio/nacelle-tui/internal/queue/view.go:39.2,39.20 1 1
github.com/FacileStudio/nacelle-tui/internal/queue/view.go:43.45,44.25 1 1
github.com/FacileStudio/nacelle-tui/internal/queue/view.go:44.25,45.19 1 1
github.com/FacileStudio/nacelle-tui/internal/queue/view.go:45.19,47.4 1 1
github.com/FacileStudio/nacelle-tui/internal/queue/view.go:49.2,49.11 1 1
github.com/FacileStudio/nacelle-tui/internal/queue/view.go:53.73,55.26 2 1
github.com/FacileStudio/nacelle-tui/internal/queue/view.go:55.26,57.3 1 1
github.com/FacileStudio/nacelle-tui/internal/queue/view.go:58.2,60.29 3 1
github.com/FacileStudio/nacelle-tui/internal/queue/view.go:60.29,62.3 1 1
github.com/FacileStudio/nacelle-tui/internal/queue/view.go:63.2,63.16 1 1
github.com/FacileStudio/nacelle-tui/internal/queue/view.go:63.16,65.3 1 1
github.com/FacileStudio/nacelle-tui/internal/queue/view.go:66.2,66.14 1 1
github.com/FacileStudio/nacelle-tui/internal/cost/cost.go:14.35,15.14 1 1
github.com/FacileStudio/nacelle-tui/internal/cost/cost.go:15.14,17.3 1 1
github.com/FacileStudio/nacelle-tui/internal/cost/cost.go:18.2,18.16 1 1
github.com/FacileStudio/nacelle-tui/internal/cost/cost.go:18.16,20.3 1 1
github.com/FacileStudio/nacelle-tui/internal/cost/cost.go:21.2,21.35 1 1
github.com/FacileStudio/nacelle-tui/internal/cost/cost.go:25.35,27.2 1 1
github.com/FacileStudio/nacelle-tui/internal/cost/cost.go:30.49,32.25 2 1
github.com/FacileStudio/nacelle-tui/internal/cost/cost.go:32.25,34.3 1 1
github.com/FacileStudio/nacelle-tui/internal/cost/cost.go:35.2,35.23 1 1
github.com/FacileStudio/nacelle-tui/internal/cost/cost.go:38.45,39.12 1 1
github.com/FacileStudio/nacelle-tui/internal/cost/cost.go:39.12,41.3 1 0
github.com/FacileStudio/nacelle-tui/internal/cost/cost.go:42.2,42.39 1 1
github.com/FacileStudio/nacelle-tui/internal/cost/cost.go:46.85,50.15 2 1
github.com/FacileStudio/nacelle-tui/internal/cost/cost.go:50.15,52.3 1 1
github.com/FacileStudio/nacelle-tui/internal/cost/cost.go:53.2,53.16 1 1
github.com/FacileStudio/nacelle-tui/internal/cost/cost.go:53.16,55.3 1 1
github.com/FacileStudio/nacelle-tui/internal/cost/cost.go:56.2,59.31 2 1
github.com/FacileStudio/nacelle-tui/internal/cost/cost.go:59.31,61.3 1 1
github.com/FacileStudio/nacelle-tui/internal/cost/cost.go:62.2,62.20 1 1
github.com/FacileStudio/nacelle-tui/internal/cost/cost.go:62.20,64.3 1 1
github.com/FacileStudio/nacelle-tui/internal/cost/cost.go:65.2,65.37 1 1
github.com/FacileStudio/nacelle-tui/internal/history/history.go:13.21,15.2 1 1
github.com/FacileStudio/nacelle-tui/internal/history/history.go:18.54,19.22 1 1
github.com/FacileStudio/nacelle-tui/internal/history/history.go:19.22,21.3 1 1
github.com/FacileStudio/nacelle-tui/internal/history/history.go:22.2,23.54 2 1
github.com/FacileStudio/nacelle-tui/internal/history/history.go:27.80,29.23 2 1
github.com/FacileStudio/nacelle-tui/internal/history/history.go:29.23,31.3 1 0
github.com/FacileStudio/nacelle-tui/internal/history/history.go:32.2,33.29 2 1
github.com/FacileStudio/nacelle-tui/internal/history/history.go:33.29,35.3 1 1
github.com/FacileStudio/nacelle-tui/internal/history/history.go:36.2,36.18 1 1
github.com/FacileStudio/nacelle-tui/internal/history/history.go:36.18,38.3 1 1
github.com/FacileStudio/nacelle-tui/internal/history/history.go:39.2,40.38 2 1
github.com/FacileStudio/nacelle-tui/internal/history/history.go:44.59,46.29 2 1
github.com/FacileStudio/nacelle-tui/internal/history/history.go:46.29,48.3 1 1
github.com/FacileStudio/nacelle-tui/internal/history/history.go:49.2,50.29 2 1
github.com/FacileStudio/nacelle-tui/internal/history/history.go:50.29,53.3 2 1
github.com/FacileStudio/nacelle-tui/internal/history/history.go:54.2,54.38 1 1
github.com/FacileStudio/nacelle-tui/internal/history/history.go:57.66,59.51 2 1
github.com/FacileStudio/nacelle-tui/internal/history/history.go:59.51,61.3 1 1
github.com/FacileStudio/nacelle-tui/internal/history/history.go:62.2,62.25 1 1
github.com/FacileStudio/nacelle-tui/internal/history/history.go:66.62,67.30 1 1
github.com/FacileStudio/nacelle-tui/internal/history/history.go:67.30,68.23 1 1
github.com/FacileStudio/nacelle-tui/internal/history/history.go:68.23,70.9 2 1
github.com/FacileStudio/nacelle-tui/internal/history/history.go:73.2,76.15 4 1
github.com/FacileStudio/nacelle-tui/internal/history/requeue.go:4.62,5.47 1 1
github.com/FacileStudio/nacelle-tui/internal/history/requeue.go:5.47,7.3 1 0
github.com/FacileStudio/nacelle-tui/internal/history/requeue.go:8.2,9.13 2 1
github.com/FacileStudio/nacelle-tui/internal/history/requeue.go:13.46,14.45 1 1
github.com/FacileStudio/nacelle-tui/internal/history/requeue.go:14.45,16.3 1 0
github.com/FacileStudio/nacelle-tui/internal/history/requeue.go:17.2,17.30 1 1
github.com/FacileStudio/nacelle-tui/internal/history/requeue.go:21.58,22.17 1 0
github.com/FacileStudio/nacelle-tui/internal/history/requeue.go:22.17,24.3 1 0
github.com/FacileStudio/nacelle-tui/internal/history/requeue.go:25.2,25.20 1 0
github.com/FacileStudio/nacelle-tui/internal/history/requeue.go:25.20,27.3 1 0
github.com/FacileStudio/nacelle-tui/internal/history/requeue.go:28.2,28.33 1 0
github.com/FacileStudio/nacelle-tui/internal/menu/filter.go:9.37,11.33 2 0
github.com/FacileStudio/nacelle-tui/internal/menu/filter.go:11.33,13.3 1 0
github.com/FacileStudio/nacelle-tui/internal/menu/filter.go:14.2,14.35 1 0
github.com/FacileStudio/nacelle-tui/internal/menu/filter.go:14.35,16.3 1 0
github.com/FacileStudio/nacelle-tui/internal/menu/filter.go:17.2,17.15 1 0
github.com/FacileStudio/nacelle-tui/internal/menu/filter.go:21.52,22.17 1 1
github.com/FacileStudio/nacelle-tui/internal/menu/filter.go:22.17,24.3 1 1
github.com/FacileStudio/nacelle-tui/internal/menu/filter.go:26.2,31.27 3 1
github.com/FacileStudio/nacelle-tui/internal/menu/filter.go:31.27,32.52 1 1
github.com/FacileStudio/nacelle-tui/internal/menu/filter.go:32.52,34.4 1 1
github.com/FacileStudio/nacelle-tui/internal/menu/filter.go:36.2,36.48 1 1
github.com/FacileStudio/nacelle-tui/internal/menu/filter.go:36.48,36.92 1 1
github.com/FacileStudio/nacelle-tui/internal/menu/filter.go:38.2,39.28 2 1
github.com/FacileStudio/nacelle-tui/internal/menu/filter.go:39.28,41.3 1 1
github.com/FacileStudio/nacelle-tui/internal/menu/filter.go:42.2,42.12 1 1
github.com/FacileStudio/nacelle-tui/internal/menu/filter.go:46.45,48.9 2 1
github.com/FacileStudio/nacelle-tui/internal/menu/filter.go:49.31,50.11 1 1
github.com/FacileStudio/nacelle-tui/internal/menu/filter.go:51.30,52.11 1 1
github.com/FacileStudio/nacelle-tui/internal/menu/filter.go:53.24,54.11 1 1
github.com/FacileStudio/nacelle-tui/internal/menu/filter.go:55.10,56.12 1 1
github.com/FacileStudio/nacelle-tui/internal/menu/filter.go:61.47,63.56 2 1
github.com/FacileStudio/nacelle-tui/internal/menu/filter.go:63.56,64.31 1 1
github.com/FacileStudio/nacelle-tui/internal/menu/filter.go:64.31,66.4 1 1
github.com/FacileStudio/nacelle-tui/internal/menu/filter.go:68.2,68.24 1 1
github.com/FacileStudio/nacelle-tui/internal/menu/filter.go:72.48,73.27 1 0
github.com/FacileStudio/nacelle-tui/internal/menu/filter.go:73.27,74.24 1 0
github.com/FacileStudio/nacelle-tui/internal/menu/filter.go:74.24,76.4 1 0
github.com/FacileStudio/nacelle-tui/internal/menu/filter.go:78.2,78.14 1 0
github.com/FacileStudio/nacelle-tui/internal/menu/keys.go:6.39,7.36 1 1
github.com/FacileStudio/nacelle-tui/internal/menu/keys.go:7.36,9.3 1 1
github.com/FacileStudio/nacelle-tui/internal/menu/keys.go:10.2,11.50 2 1
github.com/FacileStudio/nacelle-tui/internal/menu/keys.go:11.50,13.3 1 1
github.com/FacileStudio/nacelle-tui/internal/menu/keys.go:14.2,14.19 1 1
github.com/FacileStudio/nacelle-tui/internal/menu/keys.go:18.38,20.13 2 1
github.com/FacileStudio/nacelle-tui/internal/menu/keys.go:20.13,22.3 1 1
github.com/FacileStudio/nacelle-tui/internal/menu/keys.go:23.2,24.50 2 1
github.com/FacileStudio/nacelle-tui/internal/menu/keys.go:24.50,26.3 1 1
github.com/FacileStudio/nacelle-tui/internal/menu/keys.go:27.2,27.19 1 1
github.com/FacileStudio/nacelle-tui/internal/menu/keys.go:31.40,33.2 1 1
github.com/FacileStudio/nacelle-tui/internal/menu/keys.go:36.48,38.13 2 1
github.com/FacileStudio/nacelle-tui/internal/menu/keys.go:38.13,40.3 1 1
github.com/FacileStudio/nacelle-tui/internal/menu/keys.go:41.2,43.13 3 1
github.com/FacileStudio/nacelle-tui/internal/menu/keys.go:43.13,45.3 1 1
github.com/FacileStudio/nacelle-tui/internal/menu/keys.go:46.2,46.46 1 1
github.com/FacileStudio/nacelle-tui/internal/menu/menu.go:23.30,25.2 1 1
github.com/FacileStudio/nacelle-tui/internal/menu/menu.go:28.27,30.2 1 1
github.com/FacileStudio/nacelle-tui/internal/menu/menu.go:33.28,34.15 1 1
github.com/FacileStudio/nacelle-tui/internal/menu/menu.go:34.15,36.3 1 0
github.com/FacileStudio/nacelle-tui/internal/menu/menu.go:37.2,37.43 1 1
github.com/FacileStudio/nacelle-tui/internal/menu/nav.go:4.28,5.21 1 1
github.com/FacileStudio/nacelle-tui/internal/menu/nav.go:5.21,8.3 2 0
github.com/FacileStudio/nacelle-tui/internal/menu/nav.go:9.2,9.27 1 1
github.com/FacileStudio/nacelle-tui/internal/menu/nav.go:9.27,11.3 1 0
github.com/FacileStudio/nacelle-tui/internal/menu/nav.go:12.2,12.39 1 1
github.com/FacileStudio/nacelle-tui/internal/menu/nav.go:12.39,14.3 1 1
github.com/FacileStudio/nacelle-tui/internal/menu/nav.go:18.24,23.2 4 0
github.com/FacileStudio/nacelle-tui/internal/menu/nav.go:26.21,29.2 2 0
github.com/FacileStudio/nacelle-tui/internal/menu/nav.go:32.23,35.2 2 0
github.com/FacileStudio/nacelle-tui/internal/menu/nav.go:38.26,40.2 1 1
github.com/FacileStudio/nacelle-tui/internal/menu/nav.go:43.44,44.53 1 0
github.com/FacileStudio/nacelle-tui/internal/menu/nav.go:44.53,46.3 1 0
github.com/FacileStudio/nacelle-tui/internal/menu/nav.go:47.2,47.37 1 0
github.com/FacileStudio/nacelle-tui/internal/menu/render.go:12.43,13.16 1 1
github.com/FacileStudio/nacelle-tui/internal/menu/render.go:13.16,15.3 1 0
github.com/FacileStudio/nacelle-tui/internal/menu/render.go:16.2,16.50 1 1
github.com/FacileStudio/nacelle-tui/internal/menu/render.go:20.66,22.35 2 1
github.com/FacileStudio/nacelle-tui/internal/menu/render.go:22.35,24.3 1 1
github.com/FacileStudio/nacelle-tui/internal/menu/render.go:25.2,25.26 1 1
github.com/FacileStudio/nacelle-tui/internal/menu/render.go:25.26,27.3 1 0
github.com/FacileStudio/nacelle-tui/internal/menu/render.go:28.2,30.17 3 1
github.com/FacileStudio/nacelle-tui/internal/menu/render.go:30.17,32.3 1 1
github.com/FacileStudio/nacelle-tui/internal/menu/render.go:33.2,33.61 1 1
github.com/FacileStudio/nacelle-tui/internal/menu/render.go:37.86,38.15 1 0
github.com/FacileStudio/nacelle-tui/internal/menu/render.go:38.15,40.3 1 0
github.com/FacileStudio/nacelle-tui/internal/menu/render.go:41.2,43.27 3 0
github.com/FacileStudio/nacelle-tui/internal/menu/render.go:43.27,46.31 3 0
github.com/FacileStudio/nacelle-tui/internal/menu/render.go:46.31,49.4 2 0
github.com/FacileStudio/nacelle-tui/internal/menu/render.go:50.3,50.79 1 0
github.com/FacileStudio/nacelle-tui/internal/menu/render.go:52.2,52.33 1 0
github.com/FacileStudio/nacelle-tui/main.go:13.13,14.43 1 0
github.com/FacileStudio/nacelle-tui/main.go:14.43,17.3 2 0
github.com/FacileStudio/nacelle-tui/main.go:20.35,22.2 1 1
github.com/FacileStudio/nacelle-tui/internal/layout/layout.go:9.43,10.16 1 1
github.com/FacileStudio/nacelle-tui/internal/layout/layout.go:10.16,12.3 1 1
github.com/FacileStudio/nacelle-tui/internal/layout/layout.go:13.2,13.39 1 1
github.com/FacileStudio/nacelle-tui/internal/layout/layout.go:17.32,19.2 1 1
github.com/FacileStudio/nacelle-tui/internal/layout/resize.go:10.46,12.2 1 1
github.com/FacileStudio/nacelle-tui/internal/layout/resize.go:15.42,17.48 2 1
github.com/FacileStudio/nacelle-tui/internal/layout/resize.go:17.48,19.3 1 1
github.com/FacileStudio/nacelle-tui/internal/layout/resize.go:20.2,20.10 1 1
github.com/FacileStudio/nacelle-tui/internal/layout/resize.go:24.50,26.29 2 1
github.com/FacileStudio/nacelle-tui/internal/layout/resize.go:26.29,28.33 2 1
github.com/FacileStudio/nacelle-tui/internal/layout/resize.go:28.33,29.9 1 1
github.com/FacileStudio/nacelle-tui/internal/layout/resize.go:31.3,31.10 1 1
github.com/FacileStudio/nacelle-tui/internal/layout/resize.go:33.2,33.14 1 1
github.com/FacileStudio/nacelle-tui/internal/layout/resize.go:37.55,40.21 3 1
github.com/FacileStudio/nacelle-tui/internal/layout/resize.go:40.21,44.3 3 1
github.com/FacileStudio/nacelle-tui/internal/layout/resize.go:45.2,45.16 1 1
github.com/FacileStudio/nacelle-tui/internal/layout/resize.go:49.38,51.2 1 1
github.com/FacileStudio/nacelle-tui/internal/layout/resize.go:57.32,59.2 1 1
github.com/FacileStudio/nacelle-tui/internal/sessions/sessionlist.go:17.52,19.23 2 1
github.com/FacileStudio/nacelle-tui/internal/sessions/sessionlist.go:19.23,21.3 1 0
github.com/FacileStudio/nacelle-tui/internal/sessions/sessionlist.go:23.2,24.16 2 1
github.com/FacileStudio/nacelle-tui/internal/sessions/sessionlist.go:24.16,26.3 1 1
github.com/FacileStudio/nacelle-tui/internal/sessions/sessionlist.go:28.2,29.26 2 1
github.com/FacileStudio/nacelle-tui/internal/sessions/sessionlist.go:29.26,30.58 1 1
github.com/FacileStudio/nacelle-tui/internal/sessions/sessionlist.go:30.58,32.4 1 1
github.com/FacileStudio/nacelle-tui/internal/sessions/sessionlist.go:34.2,35.21 2 1
github.com/FacileStudio/nacelle-tui/internal/sessions/sessionlist.go:38.52,40.16 2 1
github.com/FacileStudio/nacelle-tui/internal/sessions/sessionlist.go:40.16,42.3 1 0
github.com/FacileStudio/nacelle-tui/internal/sessions/sessionlist.go:43.2,44.23 2 1
github.com/FacileStudio/nacelle-tui/internal/sessions/sessionlist.go:44.23,46.3 1 1
github.com/FacileStudio/nacelle-tui/internal/sessions/sessionlist.go:47.2,48.15 2 1
github.com/FacileStudio/nacelle-tui/internal/sessions/sessionlist.go:49.11,50.13 1 0
github.com/FacileStudio/nacelle-tui/internal/sessions/sessionlist.go:51.12,52.50 1 0
github.com/FacileStudio/nacelle-tui/internal/sessions/sessionlist.go:53.10,55.66 2 1
github.com/FacileStudio/nacelle-tui/internal/sessions/sessionlist.go:55.66,57.4 1 0
github.com/FacileStudio/nacelle-tui/internal/sessions/sessionlist.go:58.3,58.13 1 1
github.com/FacileStudio/nacelle-tui/internal/sessions/sessionlist.go:62.42,63.40 1 1
github.com/FacileStudio/nacelle-tui/internal/sessions/sessionlist.go:63.40,66.33 3 0
github.com/FacileStudio/nacelle-tui/internal/sessions/sessionlist.go:66.33,68.4 1 0
github.com/FacileStudio/nacelle-tui/internal/sessions/sessionlist.go:69.3,69.48 1 0
github.com/FacileStudio/nacelle-tui/internal/sessions/sessionlist.go:75.49,77.16 2 1
github.com/FacileStudio/nacelle-tui/internal/sessions/sessionlist.go:77.16,79.3 1 1
github.com/FacileStudio/nacelle-tui/internal/sessions/sessionlist.go:81.2,82.50 2 1
github.com/FacileStudio/nacelle-tui/internal/sessions/sessionlist.go:82.50,84.3 1 1
github.com/FacileStudio/nacelle-tui/internal/sessions/sessionlist.go:86.2,87.29 2 1
github.com/FacileStudio/nacelle-tui/internal/sessions/sessionlist.go:87.29,88.45 1 1
github.com/FacileStudio/nacelle-tui/internal/sessions/sessionlist.go:88.45,90.4 1 1
github.com/FacileStudio/nacelle-tui/internal/sessions/sessionlist.go:92.2,92.21 1 1
github.com/FacileStudio/nacelle-tui/internal/sessions/sessionlist.go:95.46,98.2 2 1
github.com/FacileStudio/nacelle-tui/internal/sessions/sessionlist.go:100.61,101.16 1 1
github.com/FacileStudio/nacelle-tui/internal/sessions/sessionlist.go:101.16,103.3 1 0
github.com/FacileStudio/nacelle-tui/internal/sessions/sessionlist.go:104.2,105.61 2 1
github.com/FacileStudio/nacelle-tui/internal/sessions/sessionlist.go:105.61,107.3 1 0
github.com/FacileStudio/nacelle-tui/internal/sessions/sessionlist.go:108.2,108.19 1 1
github.com/FacileStudio/nacelle-tui/internal/sessions/sessionlist.go:109.18,110.44 1 1
github.com/FacileStudio/nacelle-tui/internal/sessions/sessionlist.go:111.16,112.49 1 1
github.com/FacileStudio/nacelle-tui/internal/sessions/sessionlist.go:113.10,114.34 1 0
github.com/FacileStudio/nacelle-tui/internal/sessions/sessionlist.go:119.49,121.16 2 1
github.com/FacileStudio/nacelle-tui/internal/sessions/sessionlist.go:121.16,123.3 1 1
github.com/FacileStudio/nacelle-tui/internal/sessions/sessionlist.go:125.2,126.16 2 1
github.com/FacileStudio/nacelle-tui/internal/sessions/sessionlist.go:126.16,128.3 1 0
github.com/FacileStudio/nacelle-tui/internal/sessions/sessionlist.go:130.2,131.25 2 1
github.com/FacileStudio/nacelle-tui/internal/sessions/sessionlist.go:131.25,135.3 1 0
github.com/FacileStudio/nacelle-tui/internal/sessions/sessionlist.go:137.2,138.93 2 1
github.com/FacileStudio/nacelle-tui/internal/sessions/sessionlist.go:138.93,140.24 2 1
github.com/FacileStudio/nacelle-tui/internal/sessions/sessionlist.go:140.24,142.4 1 1
github.com/FacileStudio/nacelle-tui/internal/sessions/sessionlist.go:143.3,147.12 1 1
github.com/FacileStudio/nacelle-tui/internal/sessions/sessionlist.go:150.2,152.48 1 0
github.com/FacileStudio/nacelle-tui/internal/sessions/sessionrotate.go:11.39,12.14 1 0
github.com/FacileStudio/nacelle-tui/internal/sessions/sessionrotate.go:12.14,13.35 1 0
github.com/FacileStudio/nacelle-tui/internal/sessions/sessionrotate.go:13.35,15.4 1 0
github.com/FacileStudio/nacelle-tui/internal/sessions/sessionrotate.go:17.2,17.40 1 0
github.com/FacileStudio/nacelle-tui/internal/sessions/sessionrotate.go:17.40,19.3 1 0
github.com/FacileStudio/nacelle-tui/internal/sessions/sessionrotate.go:22.39,24.16 2 1
github.com/FacileStudio/nacelle-tui/internal/sessions/sessionrotate.go:24.16,26.3 1 0
github.com/FacileStudio/nacelle-tui/internal/sessions/sessionrotate.go:27.2,28.43 2 1
github.com/FacileStudio/nacelle-tui/internal/sessions/sessionrotate.go:28.43,30.3 1 1
github.com/FacileStudio/nacelle-tui/internal/sessions/sessionrotate.go:31.2,32.16 2 1
github.com/FacileStudio/nacelle-tui/internal/sessions/sessionrotate.go:32.16,34.3 1 0
github.com/FacileStudio/nacelle-tui/internal/sessions/sessionrotate.go:35.2,36.45 2 1
github.com/FacileStudio/nacelle-tui/internal/sessions/sessionrotate.go:36.45,39.3 2 0
github.com/FacileStudio/nacelle-tui/internal/sessions/sessionrotate.go:40.2,40.35 1 1
github.com/FacileStudio/nacelle-tui/internal/sessions/sessionrotate.go:40.35,43.3 2 0
github.com/FacileStudio/nacelle-tui/internal/sessions/sessionrotate.go:44.2,44.39 1 1
github.com/FacileStudio/nacelle-tui/internal/sessions/sessionrotate.go:44.39,47.3 2 0
github.com/FacileStudio/nacelle-tui/internal/sessions/sessionrotate.go:48.2,48.31 1 1
github.com/FacileStudio/nacelle-tui/internal/sessions/sessionrotate.go:51.31,52.29 1 1
github.com/FacileStudio/nacelle-tui/internal/sessions/sessionrotate.go:52.29,55.3 2 1
github.com/FacileStudio/nacelle-tui/internal/sessions/sessionrotate.go:56.2,66.4 5 1
github.com/FacileStudio/nacelle-tui/internal/sessions/sessions.go:42.36,43.14 1 0
github.com/FacileStudio/nacelle-tui/internal/sessions/sessions.go:43.14,45.3 1 0
github.com/FacileStudio/nacelle-tui/internal/sessions/sessions.go:46.2,46.15 1 0
github.com/FacileStudio/nacelle-tui/internal/sessions/sessions.go:77.59,79.2 1 0
github.com/FacileStudio/nacelle-tui/internal/sessions/sessions.go:134.61,136.16 2 1
github.com/FacileStudio/nacelle-tui/internal/sessions/sessions.go:136.16,138.3 1 0
github.com/FacileStudio/nacelle-tui/internal/sessions/sessions.go:139.2,140.48 2 1
github.com/FacileStudio/nacelle-tui/internal/sessions/sessions.go:140.48,142.3 1 0
github.com/FacileStudio/nacelle-tui/internal/sessions/sessions.go:143.2,157.5 4 1
github.com/FacileStudio/nacelle-tui/internal/sessions/sessions.go:157.5,159.3 1 0
github.com/FacileStudio/nacelle-tui/internal/sessions/sessions.go:160.2,160.12 1 1
github.com/FacileStudio/nacelle-tui/internal/sessions/sessions.go:164.43,165.14 1 1
github.com/FacileStudio/nacelle-tui/internal/sessions/sessions.go:165.14,167.3 1 1
github.com/FacileStudio/nacelle-tui/internal/sessions/sessions.go:168.2,168.21 1 1
github.com/FacileStudio/nacelle-tui/internal/sessions/sessions.go:186.53,187.14 1 1
github.com/FacileStudio/nacelle-tui/internal/sessions/sessions.go:187.14,189.3 1 1
github.com/FacileStudio/nacelle-tui/internal/sessions/sessions.go:190.2,191.13 2 1
github.com/FacileStudio/nacelle-tui/internal/sessions/sessions.go:192.18,193.21 1 1
github.com/FacileStudio/nacelle-tui/internal/sessions/sessions.go:194.17,195.19 1 1
github.com/FacileStudio/nacelle-tui/internal/sessions/sessions.go:196.10,197.9 1 1
github.com/FacileStudio/nacelle-tui/internal/sessions/sessions.go:199.2,199.62 1 1
github.com/FacileStudio/nacelle-tui/internal/sessions/sessions.go:203.60,204.14 1 1
github.com/FacileStudio/nacelle-tui/internal/sessions/sessions.go:204.14,206.3 1 1
github.com/FacileStudio/nacelle-tui/internal/sessions/sessions.go:207.2,207.88 1 1
github.com/FacileStudio/nacelle-tui/internal/sessions/sessions.go:223.44,225.16 2 1
github.com/FacileStudio/nacelle-tui/internal/sessions/sessions.go:225.16,228.3 2 0
github.com/FacileStudio/nacelle-tui/internal/sessions/sessions.go:229.2,229.49 1 1
github.com/FacileStudio/nacelle-tui/internal/sessions/sessions.go:229.49,232.3 2 0
github.com/FacileStudio/nacelle-tui/internal/sessions/sessions.go:233.2,234.39 2 1
github.com/FacileStudio/nacelle-tui/internal/sessions/sessions.go:234.39,236.3 1 1
github.com/FacileStudio/nacelle-tui/internal/sessions/sessions.go:237.2,237.13 1 1
github.com/FacileStudio/nacelle-tui/internal/sessions/sessionwrite.go:8.23,10.2 1 1
github.com/FacileStudio/nacelle-tui/internal/sessions/sessionwrite.go:12.49,14.16 2 1
github.com/FacileStudio/nacelle-tui/internal/sessions/sessionwrite.go:14.16,16.3 1 0
github.com/FacileStudio/nacelle-tui/internal/sessions/sessionwrite.go:17.2,17.15 1 1
github.com/FacileStudio/nacelle-tui/internal/sessions/sessionwrite.go:17.15,17.35 1 1
github.com/FacileStudio/nacelle-tui/internal/sessions/sessionwrite.go:19.2,19.58 1 1
github.com/FacileStudio/nacelle-tui/internal/sessions/sessionwrite.go:19.58,21.3 1 0
github.com/FacileStudio/nacelle-tui/internal/sessions/sessionwrite.go:22.2,22.12 1 1
github.com/FacileStudio/nacelle-tui/internal/tasks/tasknormalize.go:5.45,6.17 1 1
github.com/FacileStudio/nacelle-tui/internal/tasks/tasknormalize.go:6.17,8.3 1 0
github.com/FacileStudio/nacelle-tui/internal/tasks/tasknormalize.go:9.2,10.28 2 1
github.com/FacileStudio/nacelle-tui/internal/tasks/tasknormalize.go:10.28,12.3 1 1
github.com/FacileStudio/nacelle-tui/internal/tasks/tasknormalize.go:13.2,13.19 1 1
github.com/FacileStudio/nacelle-tui/internal/tasks/tasknormalize.go:16.54,17.24 1 1
github.com/FacileStudio/nacelle-tui/internal/tasks/tasknormalize.go:17.24,20.3 2 1
github.com/FacileStudio/nacelle-tui/internal/tasks/tasknormalize.go:21.2,21.23 1 1
github.com/FacileStudio/nacelle-tui/internal/tasks/tasknormalize.go:21.23,24.3 2 1
github.com/FacileStudio/nacelle-tui/internal/tasks/tasknormalize.go:25.2,25.13 1 1
github.com/FacileStudio/nacelle-tui/internal/tasks/tasknormalize.go:28.48,32.2 3 1
github.com/FacileStudio/nacelle-tui/internal/tasks/tasknormalize.go:34.44,35.18 1 1
github.com/FacileStudio/nacelle-tui/internal/tasks/tasknormalize.go:35.18,37.3 1 0
github.com/FacileStudio/nacelle-tui/internal/tasks/tasknormalize.go:38.2,39.15 2 1
github.com/FacileStudio/nacelle-tui/internal/tasks/tasknormalize.go:40.34,41.20 1 1
github.com/FacileStudio/nacelle-tui/internal/tasks/tasknormalize.go:42.57,43.22 1 1
github.com/FacileStudio/nacelle-tui/internal/tasks/tasknormalize.go:44.39,45.20 1 1
github.com/FacileStudio/nacelle-tui/internal/tasks/tasknormalize.go:46.26,47.23 1 1
github.com/FacileStudio/nacelle-tui/internal/tasks/tasknormalize.go:48.24,49.22 1 0
github.com/FacileStudio/nacelle-tui/internal/tasks/tasknormalize.go:50.10,51.16 1 1
github.com/FacileStudio/nacelle-tui/internal/tasks/tasknormalize.go:55.42,57.17 2 1
github.com/FacileStudio/nacelle-tui/internal/tasks/tasknormalize.go:57.17,59.3 1 0
github.com/FacileStudio/nacelle-tui/internal/tasks/tasknormalize.go:60.2,60.14 1 1
github.com/FacileStudio/nacelle-tui/internal/tasks/tasks.go:14.29,16.2 1 0
github.com/FacileStudio/nacelle-tui/internal/tasks/tasks.go:52.37,54.2 1 0
github.com/FacileStudio/nacelle-tui/internal/tasks/tasks.go:66.36,67.20 1 1
github.com/FacileStudio/nacelle-tui/internal/tasks/tasks.go:67.20,69.3 1 0
github.com/FacileStudio/nacelle-tui/internal/tasks/tasks.go:69.8,71.3 1 1
github.com/FacileStudio/nacelle-tui/internal/tasks/tasks.go:78.30,80.2 1 1
github.com/FacileStudio/nacelle-tui/internal/tasks/tasks.go:83.66,85.25 2 1
github.com/FacileStudio/nacelle-tui/internal/tasks/tasks.go:85.25,88.18 3 1
github.com/FacileStudio/nacelle-tui/internal/tasks/tasks.go:88.18,90.4 1 0
github.com/FacileStudio/nacelle-tui/internal/tasks/tasks.go:90.9,92.4 1 1
github.com/FacileStudio/nacelle-tui/internal/tasks/tasks.go:94.2,94.14 1 1
github.com/FacileStudio/nacelle-tui/internal/tasks/tasks.go:103.38,104.16 1 1
github.com/FacileStudio/nacelle-tui/internal/tasks/tasks.go:105.18,106.15 1 1
github.com/FacileStudio/nacelle-tui/internal/tasks/tasks.go:107.20,108.15 1 1
github.com/FacileStudio/nacelle-tui/internal/tasks/tasks.go:109.20,110.15 1 1
github.com/FacileStudio/nacelle-tui/internal/tasks/tasks.go:111.21,112.15 1 1
github.com/FacileStudio/nacelle-tui/internal/tasks/tasks.go:114.2,114.14 1 1
github.com/FacileStudio/nacelle-tui/internal/tasks/tasks.go:121.51,122.16 1 1
github.com/FacileStudio/nacelle-tui/internal/tasks/tasks.go:123.18,124.61 1 1
github.com/FacileStudio/nacelle-tui/internal/tasks/tasks.go:125.20,126.61 1 1
github.com/FacileStudio/nacelle-tui/internal/tasks/tasks.go:127.20,128.61 1 0
github.com/FacileStudio/nacelle-tui/internal/tasks/tasks.go:129.21,130.61 1 0
github.com/FacileStudio/nacelle-tui/internal/tasks/tasks.go:132.2,132.28 1 1
github.com/FacileStudio/nacelle-tui/internal/tasks/tasktool.go:29.32,29.50 1 0
github.com/FacileStudio/nacelle-tui/internal/tasks/tasktool.go:36.39,63.2 1 0
github.com/FacileStudio/nacelle-tui/internal/tasks/tasktool.go:72.42,84.2 1 0
github.com/FacileStudio/nacelle-tui/internal/tasks/tasktool.go:90.34,100.2 1 0
github.com/FacileStudio/nacelle-tui/internal/tasks/tasktool.go:105.40,116.2 1 0
github.com/FacileStudio/nacelle-tui/internal/tasks/tasktool.go:134.84,136.16 2 1
github.com/FacileStudio/nacelle-tui/internal/tasks/tasktool.go:136.16,138.3 1 1
github.com/FacileStudio/nacelle-tui/internal/tasks/tasktool.go:139.2,139.41 1 1
github.com/FacileStudio/nacelle-tui/internal/tasks/tasktool.go:139.41,141.3 1 1
github.com/FacileStudio/nacelle-tui/internal/tasks/tasktool.go:142.2,142.9 1 1
github.com/FacileStudio/nacelle-tui/internal/tasks/tasktool.go:143.37,145.32 2 1
github.com/FacileStudio/nacelle-tui/internal/tasks/tasktool.go:146.20,147.23 1 0
github.com/FacileStudio/nacelle-tui/internal/tasks/tasktool.go:176.67,178.57 2 1
github.com/FacileStudio/nacelle-tui/internal/tasks/tasktool.go:178.57,180.3 1 1
github.com/FacileStudio/nacelle-tui/internal/tasks/tasktool.go:181.2,181.9 1 1
github.com/FacileStudio/nacelle-tui/internal/tasks/tasktool.go:182.31,183.45 1 1
github.com/FacileStudio/nacelle-tui/internal/tasks/tasktool.go:184.34,186.38 2 1
github.com/FacileStudio/nacelle-tui/internal/tasks/tasktool.go:187.10,188.97 1 1
github.com/FacileStudio/nacelle-tui/internal/tasks/tasktool.go:195.58,197.16 2 1
github.com/FacileStudio/nacelle-tui/internal/tasks/tasktool.go:197.16,199.3 1 0
github.com/FacileStudio/nacelle-tui/internal/tasks/tasktool.go:200.2,201.29 2 1
github.com/FacileStudio/nacelle-tui/internal/tasks/tasktool.go:201.29,203.3 1 1
github.com/FacileStudio/nacelle-tui/internal/tasks/tasktool.go:204.2,205.35 2 1
github.com/FacileStudio/nacelle-tui/internal/tasks/tasktool.go:205.35,207.3 1 1
github.com/FacileStudio/nacelle-tui/internal/tasks/tasktool.go:208.2,210.24 3 1
github.com/FacileStudio/nacelle-tui/internal/tasks/tasktool.go:210.24,212.3 1 1
github.com/FacileStudio/nacelle-tui/internal/tasks/tasktool.go:213.2,213.23 1 1
github.com/FacileStudio/nacelle-tui/internal/tasks/tasktool.go:213.23,215.3 1 1
github.com/FacileStudio/nacelle-tui/internal/tasks/tasktool.go:216.2,216.24 1 1
github.com/FacileStudio/nacelle-tui/internal/tasks/tasktool.go:216.24,218.3 1 1
github.com/FacileStudio/nacelle-tui/internal/tasks/tasktool.go:219.2,219.19 1 1
github.com/FacileStudio/nacelle-tui/internal/tasks/taskvalidate.go:16.36,18.28 2 1
github.com/FacileStudio/nacelle-tui/internal/tasks/taskvalidate.go:18.28,19.42 1 1
github.com/FacileStudio/nacelle-tui/internal/tasks/taskvalidate.go:19.42,21.4 1 0
github.com/FacileStudio/nacelle-tui/internal/tasks/taskvalidate.go:22.3,22.22 1 1
github.com/FacileStudio/nacelle-tui/internal/tasks/taskvalidate.go:23.60,23.60 0 1
github.com/FacileStudio/nacelle-tui/internal/tasks/taskvalidate.go:24.21,25.12 1 1
github.com/FacileStudio/nacelle-tui/internal/tasks/taskvalidate.go:26.11,27.156 1 1
github.com/FacileStudio/nacelle-tui/internal/tasks/taskvalidate.go:30.2,30.16 1 1
github.com/FacileStudio/nacelle-tui/internal/tasks/taskvalidate.go:30.16,32.3 1 1
github.com/FacileStudio/nacelle-tui/internal/tasks/taskvalidate.go:33.2,33.12 1 1
github.com/FacileStudio/nacelle-tui/internal/tasks/taskvalidate.go:39.38,41.28 2 1
github.com/FacileStudio/nacelle-tui/internal/tasks/taskvalidate.go:41.28,42.22 1 1
github.com/FacileStudio/nacelle-tui/internal/tasks/taskvalidate.go:43.19,44.10 1 1
github.com/FacileStudio/nacelle-tui/internal/tasks/taskvalidate.go:45.21,46.24 1 1
github.com/FacileStudio/nacelle-tui/internal/tasks/taskvalidate.go:47.22,48.13 1 1
github.com/FacileStudio/nacelle-tui/internal/tasks/taskvalidate.go:49.21,50.12 1 1
github.com/FacileStudio/nacelle-tui/internal/tasks/taskvalidate.go:53.2,54.17 2 1
github.com/FacileStudio/nacelle-tui/internal/tasks/taskvalidate.go:54.17,56.3 1 1
github.com/FacileStudio/nacelle-tui/internal/tasks/taskvalidate.go:57.2,57.16 1 1
github.com/FacileStudio/nacelle-tui/internal/tasks/taskvalidate.go:57.16,59.3 1 1
github.com/FacileStudio/nacelle-tui/internal/tasks/taskvalidate.go:60.2,61.21 2 1
github.com/FacileStudio/nacelle-tui/internal/tasks/taskvalidate.go:61.21,63.3 1 1
github.com/FacileStudio/nacelle-tui/internal/tasks/taskvalidate.go:64.2,64.19 1 1
github.com/FacileStudio/nacelle-tui/internal/tasks/taskvalidate.go:64.19,66.3 1 1
github.com/FacileStudio/nacelle-tui/internal/tasks/taskvalidate.go:67.2,67.51 1 1
github.com/FacileStudio/nacelle-tui/internal/status/spinner.go:14.27,16.2 1 1
github.com/FacileStudio/nacelle-tui/internal/status/spinner.go:19.33,21.2 1 1
github.com/FacileStudio/nacelle-tui/internal/status/spinner.go:24.33,26.2 1 0
github.com/FacileStudio/nacelle-tui/internal/status/spinner.go:29.64,32.11 3 1
github.com/FacileStudio/nacelle-tui/internal/status/spinner.go:32.11,34.3 1 1
github.com/FacileStudio/nacelle-tui/internal/status/spinner.go:35.2,35.12 1 1
github.com/FacileStudio/nacelle-tui/internal/status/status.go:17.32,19.2 1 1
github.com/FacileStudio/nacelle-tui/internal/status/status.go:25.48,27.2 1 1
github.com/FacileStudio/nacelle-tui/internal/status/status.go:30.34,31.9 1 1
github.com/FacileStudio/nacelle-tui/internal/status/status.go:32.24,33.41 1 1
github.com/FacileStudio/nacelle-tui/internal/status/status.go:34.22,35.52 1 1
github.com/FacileStudio/nacelle-tui/internal/status/status.go:36.20,37.37 1 1
github.com/FacileStudio/nacelle-tui/internal/status/status.go:38.18,39.48 1 1
github.com/FacileStudio/nacelle-tui/internal/status/status.go:40.10,41.34 1 1
github.com/FacileStudio/nacelle-tui/internal/status/status.go:46.41,48.2 1 1
github.com/FacileStudio/nacelle-tui/internal/status/status.go:51.39,53.2 1 1
github.com/FacileStudio/nacelle-tui/internal/settings/config.go:134.30,136.2 1 0
github.com/FacileStudio/nacelle-tui/internal/settings/config.go:146.37,171.2 8 1
github.com/FacileStudio/nacelle-tui/internal/settings/config.go:175.26,177.16 2 1
github.com/FacileStudio/nacelle-tui/internal/settings/config.go:177.16,179.3 1 1
github.com/FacileStudio/nacelle-tui/internal/settings/config.go:180.2,180.40 1 1
github.com/FacileStudio/nacelle-tui/internal/settings/config.go:185.40,186.16 1 1
github.com/FacileStudio/nacelle-tui/internal/settings/config.go:186.16,188.3 1 1
github.com/FacileStudio/nacelle-tui/internal/settings/config.go:189.2,190.24 2 1
github.com/FacileStudio/nacelle-tui/internal/settings/config.go:190.24,192.3 1 1
github.com/FacileStudio/nacelle-tui/internal/settings/config.go:193.2,193.16 1 1
github.com/FacileStudio/nacelle-tui/internal/settings/config.go:193.16,195.3 1 0
github.com/FacileStudio/nacelle-tui/internal/settings/config.go:196.2,196.15 1 1
github.com/FacileStudio/nacelle-tui/internal/settings/config.go:196.15,196.35 1 1
github.com/FacileStudio/nacelle-tui/internal/settings/config.go:198.2,202.77 4 1
github.com/FacileStudio/nacelle-tui/internal/settings/config.go:202.77,204.3 1 1
github.com/FacileStudio/nacelle-tui/internal/settings/config.go:205.2,205.22 1 1
github.com/FacileStudio/nacelle-tui/internal/settings/config.go:212.60,214.16 2 1
github.com/FacileStudio/nacelle-tui/internal/settings/config.go:214.16,216.3 1 1
github.com/FacileStudio/nacelle-tui/internal/settings/config.go:218.2,222.22 5 1
github.com/FacileStudio/nacelle-tui/internal/settings/env.go:15.23,45.2 1 1
github.com/FacileStudio/nacelle-tui/internal/settings/env.go:49.33,51.22 2 1
github.com/FacileStudio/nacelle-tui/internal/settings/env.go:51.22,53.3 1 1
github.com/FacileStudio/nacelle-tui/internal/settings/env.go:54.2,55.16 2 1
github.com/FacileStudio/nacelle-tui/internal/settings/env.go:55.16,57.3 1 1
github.com/FacileStudio/nacelle-tui/internal/settings/env.go:58.2,58.15 1 1
github.com/FacileStudio/nacelle-tui/internal/settings/env.go:63.37,65.9 2 1
github.com/FacileStudio/nacelle-tui/internal/settings/env.go:65.9,67.3 1 1
github.com/FacileStudio/nacelle-tui/internal/settings/env.go:68.2,68.13 1 0
github.com/FacileStudio/nacelle-tui/internal/settings/env.go:72.31,74.22 2 1
github.com/FacileStudio/nacelle-tui/internal/settings/env.go:74.22,76.3 1 1
github.com/FacileStudio/nacelle-tui/internal/settings/env.go:77.2,78.16 2 0
github.com/FacileStudio/nacelle-tui/internal/settings/env.go:78.16,80.3 1 0
github.com/FacileStudio/nacelle-tui/internal/settings/env.go:81.2,81.15 1 0
github.com/FacileStudio/nacelle-tui/internal/settings/env.go:85.35,87.22 2 1
github.com/FacileStudio/nacelle-tui/internal/settings/env.go:87.22,89.3 1 1
github.com/FacileStudio/nacelle-tui/internal/settings/env.go:90.2,91.16 2 1
github.com/FacileStudio/nacelle-tui/internal/settings/env.go:91.16,93.3 1 0
github.com/FacileStudio/nacelle-tui/internal/settings/env.go:94.2,94.15 1 1
github.com/FacileStudio/nacelle-tui/internal/settings/env.go:98.36,100.22 2 1
github.com/FacileStudio/nacelle-tui/internal/settings/env.go:100.22,102.3 1 1
github.com/FacileStudio/nacelle-tui/internal/settings/env.go:103.2,103.32 1 1
github.com/FacileStudio/nacelle-tui/internal/settings/flags.go:11.40,11.72 1 0
github.com/FacileStudio/nacelle-tui/internal/settings/flags.go:12.40,12.74 2 0
github.com/FacileStudio/nacelle-tui/internal/settings/flags.go:54.45,81.2 1 0
github.com/FacileStudio/nacelle-tui/internal/settings/flags.go:83.51,91.2 1 0
github.com/FacileStudio/nacelle-tui/internal/settings/flags.go:93.35,100.2 4 0
github.com/FacileStudio/nacelle-tui/internal/settings/flags.go:103.56,105.39 1 0
github.com/FacileStudio/nacelle-tui/internal/settings/flags.go:105.39,105.65 1 0
github.com/FacileStudio/nacelle-tui/internal/settings/flags.go:106.39,106.61 1 0
github.com/FacileStudio/nacelle-tui/internal/settings/flags.go:107.39,107.63 1 0
github.com/FacileStudio/nacelle-tui/internal/settings/flags.go:108.39,108.59 1 0
github.com/FacileStudio/nacelle-tui/internal/settings/flags.go:109.39,109.63 1 0
github.com/FacileStudio/nacelle-tui/internal/settings/flags.go:110.39,110.66 1 0
github.com/FacileStudio/nacelle-tui/internal/settings/flags.go:111.39,111.62 1 0
github.com/FacileStudio/nacelle-tui/internal/settings/flags.go:112.39,112.60 1 0
github.com/FacileStudio/nacelle-tui/internal/settings/flags.go:113.39,113.58 1 0
github.com/FacileStudio/nacelle-tui/internal/settings/flags.go:114.39,114.68 1 0
github.com/FacileStudio/nacelle-tui/internal/settings/flags.go:115.39,115.66 1 0
github.com/FacileStudio/nacelle-tui/internal/settings/flags.go:116.39,116.78 1 0
github.com/FacileStudio/nacelle-tui/internal/settings/flags.go:117.39,117.62 1 0
github.com/FacileStudio/nacelle-tui/internal/settings/flags.go:118.39,118.72 1 0
github.com/FacileStudio/nacelle-tui/internal/settings/flags.go:119.39,119.70 1 0
github.com/FacileStudio/nacelle-tui/internal/settings/flags.go:120.39,120.74 1 0
github.com/FacileStudio/nacelle-tui/internal/settings/flags.go:121.39,121.60 1 0
github.com/FacileStudio/nacelle-tui/internal/settings/flags.go:122.39,122.60 1 0
github.com/FacileStudio/nacelle-tui/internal/settings/flags.go:123.39,123.73 1 0
github.com/FacileStudio/nacelle-tui/internal/settings/flags.go:124.39,124.68 1 0
github.com/FacileStudio/nacelle-tui/internal/settings/flags.go:125.39,125.62 1 0
github.com/FacileStudio/nacelle-tui/internal/settings/flags.go:126.39,126.79 1 0
github.com/FacileStudio/nacelle-tui/internal/settings/flags.go:127.39,127.67 1 0
github.com/FacileStudio/nacelle-tui/internal/settings/flags.go:134.40,140.34 5 0
github.com/FacileStudio/nacelle-tui/internal/settings/flags.go:140.34,141.44 1 0
github.com/FacileStudio/nacelle-tui/internal/settings/flags.go:141.44,143.4 1 0
github.com/FacileStudio/nacelle-tui/internal/settings/flags.go:145.2,145.14 1 0
github.com/FacileStudio/nacelle-tui/internal/settings/hookproc.go:21.43,23.76 2 1
github.com/FacileStudio/nacelle-tui/internal/settings/hookproc.go:23.76,24.29 1 1
github.com/FacileStudio/nacelle-tui/internal/settings/hookproc.go:24.29,26.4 1 0
github.com/FacileStudio/nacelle-tui/internal/settings/hookproc.go:27.3,31.53 2 1
github.com/FacileStudio/nacelle-tui/internal/settings/hookproc.go:36.41,37.57 1 1
github.com/FacileStudio/nacelle-tui/internal/settings/hookproc.go:37.57,39.3 1 1
github.com/FacileStudio/nacelle-tui/internal/settings/hookproc.go:40.2,41.16 2 1
github.com/FacileStudio/nacelle-tui/internal/settings/hookproc.go:41.16,43.3 1 0
github.com/FacileStudio/nacelle-tui/internal/settings/hookproc.go:44.2,44.62 1 1
github.com/FacileStudio/nacelle-tui/internal/settings/hookproc.go:48.117,50.16 2 1
github.com/FacileStudio/nacelle-tui/internal/settings/hookproc.go:50.16,53.3 2 0
github.com/FacileStudio/nacelle-tui/internal/settings/hookproc.go:55.2,60.47 6 1
github.com/FacileStudio/nacelle-tui/internal/settings/hookproc.go:74.107,75.9 1 1
github.com/FacileStudio/nacelle-tui/internal/settings/hookproc.go:76.21,77.73 1 1
github.com/FacileStudio/nacelle-tui/internal/settings/hookproc.go:77.73,79.4 1 1
github.com/FacileStudio/nacelle-tui/internal/settings/hookproc.go:80.3,80.30 1 0
github.com/FacileStudio/nacelle-tui/internal/settings/hookproc.go:81.29,83.19 2 1
github.com/FacileStudio/nacelle-tui/internal/settings/hookproc.go:83.19,85.4 1 0
github.com/FacileStudio/nacelle-tui/internal/settings/hookproc.go:86.3,86.42 1 1
github.com/FacileStudio/nacelle-tui/internal/settings/hookproc.go:87.10,90.83 2 1
github.com/FacileStudio/nacelle-tui/internal/settings/hookproc.go:95.30,97.27 2 1
github.com/FacileStudio/nacelle-tui/internal/settings/hookproc.go:97.27,99.3 1 1
github.com/FacileStudio/nacelle-tui/internal/settings/hookproc.go:100.2,100.11 1 0
github.com/FacileStudio/nacelle-tui/internal/settings/hooks.go:25.33,27.16 2 1
github.com/FacileStudio/nacelle-tui/internal/settings/hooks.go:27.16,29.3 1 0
github.com/FacileStudio/nacelle-tui/internal/settings/hooks.go:30.2,30.45 1 1
github.com/FacileStudio/nacelle-tui/internal/settings/hooks.go:34.49,40.73 4 1
github.com/FacileStudio/nacelle-tui/internal/settings/hooks.go:40.73,42.3 1 0
github.com/FacileStudio/nacelle-tui/internal/settings/hooks.go:43.2,43.24 1 1
github.com/FacileStudio/nacelle-tui/internal/settings/hooks.go:48.81,50.29 2 1
github.com/FacileStudio/nacelle-tui/internal/settings/hooks.go:50.29,51.41 1 1
github.com/FacileStudio/nacelle-tui/internal/settings/hooks.go:51.41,53.4 1 1
github.com/FacileStudio/nacelle-tui/internal/settings/hooks.go:54.3,55.17 2 1
github.com/FacileStudio/nacelle-tui/internal/settings/hooks.go:55.17,57.4 1 0
github.com/FacileStudio/nacelle-tui/internal/settings/hooks.go:57.9,59.4 1 1
github.com/FacileStudio/nacelle-tui/internal/settings/hooks.go:60.3,60.56 1 1
github.com/FacileStudio/nacelle-tui/internal/settings/hooks.go:62.2,62.19 1 1
github.com/FacileStudio/nacelle-tui/internal/settings/hooks.go:65.138,66.18 1 1
github.com/FacileStudio/nacelle-tui/internal/settings/hooks.go:66.18,68.3 1 1
github.com/FacileStudio/nacelle-tui/internal/settings/hooks.go:69.2,70.14 2 1
github.com/FacileStudio/nacelle-tui/internal/settings/hooks.go:83.88,85.16 2 0
github.com/FacileStudio/nacelle-tui/internal/settings/hooks.go:85.16,87.3 1 0
github.com/FacileStudio/nacelle-tui/internal/settings/hooks.go:89.2,90.16 2 0
github.com/FacileStudio/nacelle-tui/internal/settings/hooks.go:90.16,92.3 1 0
github.com/FacileStudio/nacelle-tui/internal/settings/hooks.go:93.2,93.31 1 0
github.com/FacileStudio/nacelle-tui/internal/settings/hooks.go:93.31,94.29 1 0
github.com/FacileStudio/nacelle-tui/internal/settings/hooks.go:94.29,96.4 1 0
github.com/FacileStudio/nacelle-tui/internal/settings/hooks.go:98.2,98.27 1 0
github.com/FacileStudio/nacelle-tui/internal/settings/hooks.go:102.105,105.24 3 1
github.com/FacileStudio/nacelle-tui/internal/settings/hooks.go:105.24,107.3 1 0
github.com/FacileStudio/nacelle-tui/internal/settings/hooks.go:108.2,108.16 1 1
github.com/FacileStudio/nacelle-tui/internal/settings/hooks.go:108.16,110.3 1 0
github.com/FacileStudio/nacelle-tui/internal/settings/hooks.go:112.2,113.16 2 1
github.com/FacileStudio/nacelle-tui/internal/settings/hooks.go:113.16,115.3 1 0
github.com/FacileStudio/nacelle-tui/internal/settings/hooks.go:116.2,117.16 2 1
github.com/FacileStudio/nacelle-tui/internal/settings/hooks.go:117.16,119.3 1 1
github.com/FacileStudio/nacelle-tui/internal/settings/hooks.go:121.2,123.16 3 1
github.com/FacileStudio/nacelle-tui/internal/settings/hooks.go:123.16,125.3 1 0
github.com/FacileStudio/nacelle-tui/internal/settings/hooks.go:126.2,126.14 1 1
github.com/FacileStudio/nacelle-tui/internal/settings/hooks.go:126.14,130.3 1 1
github.com/FacileStudio/nacelle-tui/internal/settings/hooks.go:131.2,131.23 1 1
github.com/FacileStudio/nacelle-tui/internal/settings/hooks.go:135.68,137.16 2 1
github.com/FacileStudio/nacelle-tui/internal/settings/hooks.go:137.16,139.3 1 0
github.com/FacileStudio/nacelle-tui/internal/settings/hooks.go:140.2,140.62 1 1
github.com/FacileStudio/nacelle-tui/internal/settings/hooks.go:140.62,142.3 1 1
github.com/FacileStudio/nacelle-tui/internal/settings/hooks.go:143.2,143.15 1 1
github.com/FacileStudio/nacelle-tui/internal/settings/hooks.go:143.15,145.3 1 1
github.com/FacileStudio/nacelle-tui/internal/settings/hooks.go:146.2,146.47 1 1
github.com/FacileStudio/nacelle-tui/internal/settings/hookspec.go:21.50,22.31 1 1
github.com/FacileStudio/nacelle-tui/internal/settings/hookspec.go:22.31,24.3 1 1
github.com/FacileStudio/nacelle-tui/internal/settings/hookspec.go:25.2,25.31 1 0
github.com/FacileStudio/nacelle-tui/internal/settings/hookspec.go:29.36,30.37 1 1
github.com/FacileStudio/nacelle-tui/internal/settings/hookspec.go:30.37,32.3 1 1
github.com/FacileStudio/nacelle-tui/internal/settings/hookspec.go:33.2,33.36 1 1
github.com/FacileStudio/nacelle-tui/internal/settings/hookspec.go:33.36,35.3 1 1
github.com/FacileStudio/nacelle-tui/internal/settings/hookspec.go:36.2,36.21 1 1
github.com/FacileStudio/nacelle-tui/internal/settings/hookspec.go:36.21,37.58 1 0
github.com/FacileStudio/nacelle-tui/internal/settings/hookspec.go:37.58,39.4 1 0
github.com/FacileStudio/nacelle-tui/internal/settings/hookspec.go:41.2,41.12 1 1
github.com/FacileStudio/nacelle-tui/internal/settings/hookspec.go:45.44,46.21 1 1
github.com/FacileStudio/nacelle-tui/internal/settings/hookspec.go:46.21,48.3 1 1
github.com/FacileStudio/nacelle-tui/internal/settings/hookspec.go:49.2,50.10 2 0
github.com/FacileStudio/nacelle-tui/internal/settings/hookspec.go:54.45,55.23 1 1
github.com/FacileStudio/nacelle-tui/internal/settings/hookspec.go:55.23,57.3 1 1
github.com/FacileStudio/nacelle-tui/internal/settings/hookspec.go:58.2,58.31 1 0
github.com/FacileStudio/nacelle-tui/internal/settings/hookspec.go:58.31,59.19 1 0
github.com/FacileStudio/nacelle-tui/internal/settings/hookspec.go:59.19,61.4 1 0
github.com/FacileStudio/nacelle-tui/internal/settings/hookspec.go:63.2,63.14 1 0
github.com/FacileStudio/nacelle-tui/internal/settings/hooktrust.go:21.58,23.16 2 1
github.com/FacileStudio/nacelle-tui/internal/settings/hooktrust.go:23.16,25.3 1 0
github.com/FacileStudio/nacelle-tui/internal/settings/hooktrust.go:26.2,27.24 2 1
github.com/FacileStudio/nacelle-tui/internal/settings/hooktrust.go:27.24,29.3 1 1
github.com/FacileStudio/nacelle-tui/internal/settings/hooktrust.go:30.2,30.16 1 1
github.com/FacileStudio/nacelle-tui/internal/settings/hooktrust.go:30.16,32.3 1 0
github.com/FacileStudio/nacelle-tui/internal/settings/hooktrust.go:33.2,34.52 2 1
github.com/FacileStudio/nacelle-tui/internal/settings/hooktrust.go:34.52,36.3 1 0
github.com/FacileStudio/nacelle-tui/internal/settings/hooktrust.go:37.2,37.19 1 1
github.com/FacileStudio/nacelle-tui/internal/settings/hooktrust.go:42.79,44.16 2 1
github.com/FacileStudio/nacelle-tui/internal/settings/hooktrust.go:44.16,46.3 1 0
github.com/FacileStudio/nacelle-tui/internal/settings/hooktrust.go:47.2,47.48 1 1
github.com/FacileStudio/nacelle-tui/internal/settings/hooktrust.go:47.48,49.3 1 0
github.com/FacileStudio/nacelle-tui/internal/settings/hooktrust.go:50.2,52.16 3 1
github.com/FacileStudio/nacelle-tui/internal/settings/hooktrust.go:52.16,54.3 1 0
github.com/FacileStudio/nacelle-tui/internal/settings/hooktrust.go:55.2,55.68 1 1
github.com/FacileStudio/nacelle-tui/internal/settings/hooktrust.go:60.37,63.2 2 1
github.com/FacileStudio/nacelle-tui/internal/settings/merge.go:5.37,9.31 4 1
github.com/FacileStudio/nacelle-tui/internal/settings/merge.go:9.31,11.3 1 1
github.com/FacileStudio/nacelle-tui/internal/settings/merge.go:12.2,12.27 1 1
github.com/FacileStudio/nacelle-tui/internal/settings/merge.go:12.27,14.3 1 1
github.com/FacileStudio/nacelle-tui/internal/settings/merge.go:15.2,15.24 1 1
github.com/FacileStudio/nacelle-tui/internal/settings/merge.go:15.24,17.3 1 1
github.com/FacileStudio/nacelle-tui/internal/settings/merge.go:18.2,18.24 1 1
github.com/FacileStudio/nacelle-tui/internal/settings/merge.go:18.24,20.3 1 0
github.com/FacileStudio/nacelle-tui/internal/settings/merge.go:21.2,21.23 1 1
github.com/FacileStudio/nacelle-tui/internal/settings/merge.go:21.23,23.3 1 0
github.com/FacileStudio/nacelle-tui/internal/settings/merge.go:24.2,24.29 1 1
github.com/FacileStudio/nacelle-tui/internal/settings/merge.go:24.29,26.3 1 1
github.com/FacileStudio/nacelle-tui/internal/settings/merge.go:27.2,28.42 2 1
github.com/FacileStudio/nacelle-tui/internal/settings/merge.go:32.44,33.24 1 1
github.com/FacileStudio/nacelle-tui/internal/settings/merge.go:33.24,35.3 1 1
github.com/FacileStudio/nacelle-tui/internal/settings/merge.go:36.2,36.22 1 1
github.com/FacileStudio/nacelle-tui/internal/settings/merge.go:36.22,38.3 1 1
github.com/FacileStudio/nacelle-tui/internal/settings/merge.go:39.2,39.23 1 1
github.com/FacileStudio/nacelle-tui/internal/settings/merge.go:39.23,41.3 1 1
github.com/FacileStudio/nacelle-tui/internal/settings/merge.go:42.2,42.21 1 1
github.com/FacileStudio/nacelle-tui/internal/settings/merge.go:42.21,44.3 1 1
github.com/FacileStudio/nacelle-tui/internal/settings/merge.go:45.2,45.23 1 1
github.com/FacileStudio/nacelle-tui/internal/settings/merge.go:45.23,47.3 1 0
github.com/FacileStudio/nacelle-tui/internal/settings/merge.go:51.44,52.22 1 1
github.com/FacileStudio/nacelle-tui/internal/settings/merge.go:52.22,54.3 1 1
github.com/FacileStudio/nacelle-tui/internal/settings/merge.go:55.2,55.27 1 1
github.com/FacileStudio/nacelle-tui/internal/settings/merge.go:55.27,57.3 1 1
github.com/FacileStudio/nacelle-tui/internal/settings/merge.go:58.2,58.26 1 1
github.com/FacileStudio/nacelle-tui/internal/settings/merge.go:58.26,60.3 1 1
github.com/FacileStudio/nacelle-tui/internal/settings/merge.go:61.2,61.32 1 1
github.com/FacileStudio/nacelle-tui/internal/settings/merge.go:61.32,63.3 1 1
github.com/FacileStudio/nacelle-tui/internal/settings/merge.go:64.2,64.24 1 1
github.com/FacileStudio/nacelle-tui/internal/settings/merge.go:64.24,66.3 1 1
github.com/FacileStudio/nacelle-tui/internal/settings/merge.go:67.2,67.29 1 1
github.com/FacileStudio/nacelle-tui/internal/settings/merge.go:67.29,69.3 1 0
github.com/FacileStudio/nacelle-tui/internal/settings/merge.go:70.2,70.28 1 1
github.com/FacileStudio/nacelle-tui/internal/settings/merge.go:70.28,72.3 1 0
github.com/FacileStudio/nacelle-tui/internal/settings/merge.go:73.2,73.30 1 1
github.com/FacileStudio/nacelle-tui/internal/settings/merge.go:73.30,75.3 1 0
github.com/FacileStudio/nacelle-tui/internal/settings/merge.go:76.2,76.23 1 1
github.com/FacileStudio/nacelle-tui/internal/settings/merge.go:76.23,78.3 1 1
github.com/FacileStudio/nacelle-tui/internal/settings/merge.go:79.2,79.23 1 1
github.com/FacileStudio/nacelle-tui/internal/settings/merge.go:79.23,81.3 1 0
github.com/FacileStudio/nacelle-tui/internal/settings/merge.go:85.39,86.28 1 1
github.com/FacileStudio/nacelle-tui/internal/settings/merge.go:86.28,88.3 1 0
github.com/FacileStudio/nacelle-tui/internal/settings/merge.go:89.2,89.30 1 1
github.com/FacileStudio/nacelle-tui/internal/settings/merge.go:89.30,91.3 1 0
github.com/FacileStudio/nacelle-tui/internal/toolview/group.go:38.44,39.18 1 1
github.com/FacileStudio/nacelle-tui/internal/toolview/group.go:39.18,43.3 3 1
github.com/FacileStudio/nacelle-tui/internal/toolview/group.go:45.2,48.26 4 1
github.com/FacileStudio/nacelle-tui/internal/toolview/group.go:48.26,50.16 2 1
github.com/FacileStudio/nacelle-tui/internal/toolview/group.go:50.16,52.16 2 1
github.com/FacileStudio/nacelle-tui/internal/toolview/group.go:52.16,54.5 1 1
github.com/FacileStudio/nacelle-tui/internal/toolview/group.go:55.4,55.47 1 0
github.com/FacileStudio/nacelle-tui/internal/toolview/group.go:57.3,57.32 1 0
github.com/FacileStudio/nacelle-tui/internal/toolview/group.go:59.2,59.15 1 0
github.com/FacileStudio/nacelle-tui/internal/toolview/group.go:63.36,64.17 1 1
github.com/FacileStudio/nacelle-tui/internal/toolview/group.go:64.17,66.3 1 1
github.com/FacileStudio/nacelle-tui/internal/toolview/group.go:67.2,67.14 1 1
github.com/FacileStudio/nacelle-tui/internal/toolview/group.go:67.14,69.3 1 1
github.com/FacileStudio/nacelle-tui/internal/toolview/group.go:70.2,70.17 1 1
github.com/FacileStudio/nacelle-tui/internal/toolview/group.go:70.17,72.3 1 1
github.com/FacileStudio/nacelle-tui/internal/toolview/group.go:73.2,73.26 1 1
github.com/FacileStudio/nacelle-tui/internal/toolview/group.go:77.47,79.16 2 0
github.com/FacileStudio/nacelle-tui/internal/toolview/group.go:79.16,81.3 1 0
github.com/FacileStudio/nacelle-tui/internal/toolview/group.go:82.2,84.15 3 0
github.com/FacileStudio/nacelle-tui/internal/toolview/group.go:84.15,86.3 1 0
github.com/FacileStudio/nacelle-tui/internal/toolview/group.go:87.2,87.13 1 0
github.com/FacileStudio/nacelle-tui/internal/toolview/group.go:91.41,92.20 1 1
github.com/FacileStudio/nacelle-tui/internal/toolview/group.go:92.20,94.3 1 0
github.com/FacileStudio/nacelle-tui/internal/toolview/group.go:95.2,95.27 1 1
github.com/FacileStudio/nacelle-tui/internal/toolview/group.go:99.50,102.19 3 1
github.com/FacileStudio/nacelle-tui/internal/toolview/group.go:102.19,109.3 2 1
github.com/FacileStudio/nacelle-tui/internal/toolview/group.go:110.2,110.18 1 1
github.com/FacileStudio/nacelle-tui/internal/toolview/group.go:110.18,112.3 1 0
github.com/FacileStudio/nacelle-tui/internal/toolview/group.go:113.2,113.32 1 1
github.com/FacileStudio/nacelle-tui/internal/toolview/group.go:113.32,115.3 1 1
github.com/FacileStudio/nacelle-tui/internal/toolview/icons.go:46.35,48.15 2 1
github.com/FacileStudio/nacelle-tui/internal/toolview/icons.go:49.20,50.16 1 1
github.com/FacileStudio/nacelle-tui/internal/toolview/icons.go:51.25,52.17 1 1
github.com/FacileStudio/nacelle-tui/internal/toolview/icons.go:53.13,54.19 1 1
github.com/FacileStudio/nacelle-tui/internal/toolview/icons.go:55.12,56.20 1 1
github.com/FacileStudio/nacelle-tui/internal/toolview/icons.go:57.10,58.17 1 1
github.com/FacileStudio/nacelle-tui/internal/toolview/icons.go:63.40,64.14 1 1
github.com/FacileStudio/nacelle-tui/internal/toolview/icons.go:65.14,66.15 1 1
github.com/FacileStudio/nacelle-tui/internal/toolview/icons.go:67.15,68.13 1 1
github.com/FacileStudio/nacelle-tui/internal/toolview/icons.go:69.17,70.15 1 1
github.com/FacileStudio/nacelle-tui/internal/toolview/icons.go:71.18,72.14 1 1
github.com/FacileStudio/nacelle-tui/internal/toolview/icons.go:73.10,74.15 1 1
github.com/FacileStudio/nacelle-tui/internal/toolview/icons.go:79.36,80.37 1 1
github.com/FacileStudio/nacelle-tui/internal/toolview/icons.go:80.37,82.3 1 1
github.com/FacileStudio/nacelle-tui/internal/toolview/icons.go:83.2,83.14 1 1
github.com/FacileStudio/nacelle-tui/internal/toolview/icons.go:87.43,88.50 1 0
github.com/FacileStudio/nacelle-tui/internal/toolview/icons.go:88.50,90.3 1 0
github.com/FacileStudio/nacelle-tui/internal/toolview/icons.go:91.2,91.26 1 0
github.com/FacileStudio/nacelle-tui/internal/toolview/icons.go:95.38,96.47 1 1
github.com/FacileStudio/nacelle-tui/internal/toolview/icons.go:96.47,98.3 1 1
github.com/FacileStudio/nacelle-tui/internal/toolview/icons.go:99.2,99.28 1 1
github.com/FacileStudio/nacelle-tui/internal/toolview/icons.go:103.42,105.47 2 1
github.com/FacileStudio/nacelle-tui/internal/toolview/icons.go:105.47,106.41 1 1
github.com/FacileStudio/nacelle-tui/internal/toolview/icons.go:106.41,108.4 1 1
github.com/FacileStudio/nacelle-tui/internal/toolview/icons.go:110.2,110.39 1 0
github.com/FacileStudio/nacelle-tui/internal/toolview/icons.go:114.59,115.33 1 1
github.com/FacileStudio/nacelle-tui/internal/toolview/icons.go:115.33,116.24 1 1
github.com/FacileStudio/nacelle-tui/internal/toolview/icons.go:116.24,118.15 2 0
github.com/FacileStudio/nacelle-tui/internal/toolview/icons.go:118.15,119.10 1 0
github.com/FacileStudio/nacelle-tui/internal/toolview/icons.go:121.4,122.12 2 0
github.com/FacileStudio/nacelle-tui/internal/toolview/icons.go:124.3,125.26 2 1
github.com/FacileStudio/nacelle-tui/internal/toolview/icons.go:125.26,126.9 1 0
github.com/FacileStudio/nacelle-tui/internal/toolview/icons.go:128.3,131.87 4 1
github.com/FacileStudio/nacelle-tui/internal/toolview/icons.go:133.2,133.13 1 0
github.com/FacileStudio/nacelle-tui/internal/toolview/input.go:15.67,19.28 3 1
github.com/FacileStudio/nacelle-tui/internal/toolview/input.go:19.28,21.3 1 1
github.com/FacileStudio/nacelle-tui/internal/toolview/input.go:22.2,22.16 1 1
github.com/FacileStudio/nacelle-tui/internal/toolview/input.go:22.16,24.3 1 1
github.com/FacileStudio/nacelle-tui/internal/toolview/input.go:25.2,25.30 1 1
github.com/FacileStudio/nacelle-tui/internal/toolview/input.go:25.30,27.3 1 1
github.com/FacileStudio/nacelle-tui/internal/toolview/input.go:28.2,28.50 1 1
github.com/FacileStudio/nacelle-tui/internal/toolview/input.go:28.50,30.3 1 1
github.com/FacileStudio/nacelle-tui/internal/toolview/input.go:32.2,33.53 2 1
github.com/FacileStudio/nacelle-tui/internal/toolview/input.go:33.53,35.3 1 0
github.com/FacileStudio/nacelle-tui/internal/toolview/input.go:36.2,36.20 1 1
github.com/FacileStudio/nacelle-tui/internal/toolview/input.go:39.65,40.17 1 1
github.com/FacileStudio/nacelle-tui/internal/toolview/input.go:41.23,42.29 1 1
github.com/FacileStudio/nacelle-tui/internal/toolview/input.go:43.23,44.28 1 1
github.com/FacileStudio/nacelle-tui/internal/toolview/input.go:46.2,46.12 1 1
github.com/FacileStudio/nacelle-tui/internal/toolview/input.go:49.46,51.6 2 1
github.com/FacileStudio/nacelle-tui/internal/toolview/input.go:51.6,53.17 2 1
github.com/FacileStudio/nacelle-tui/internal/toolview/input.go:53.17,55.4 1 0
github.com/FacileStudio/nacelle-tui/internal/toolview/input.go:56.3,56.29 1 1
github.com/FacileStudio/nacelle-tui/internal/toolview/input.go:56.29,58.4 1 1
github.com/FacileStudio/nacelle-tui/internal/toolview/input.go:59.3,59.42 1 1
github.com/FacileStudio/nacelle-tui/internal/toolview/input.go:59.42,61.4 1 1
github.com/FacileStudio/nacelle-tui/internal/toolview/input.go:62.3,62.45 1 1
github.com/FacileStudio/nacelle-tui/internal/toolview/input.go:62.45,64.4 1 1
github.com/FacileStudio/nacelle-tui/internal/toolview/input.go:68.56,70.9 2 1
github.com/FacileStudio/nacelle-tui/internal/toolview/input.go:70.9,72.3 1 0
github.com/FacileStudio/nacelle-tui/internal/toolview/input.go:73.2,73.16 1 1
github.com/FacileStudio/nacelle-tui/internal/toolview/input.go:73.16,75.3 1 1
github.com/FacileStudio/nacelle-tui/internal/toolview/input.go:76.2,77.12 2 1
github.com/FacileStudio/nacelle-tui/internal/toolview/input.go:80.46,82.16 2 1
github.com/FacileStudio/nacelle-tui/internal/toolview/input.go:82.16,84.3 1 1
github.com/FacileStudio/nacelle-tui/internal/toolview/input.go:85.2,85.34 1 1
github.com/FacileStudio/nacelle-tui/internal/toolview/input.go:88.45,89.6 1 1
github.com/FacileStudio/nacelle-tui/internal/toolview/input.go:89.6,91.17 2 1
github.com/FacileStudio/nacelle-tui/internal/toolview/input.go:91.17,93.4 1 0
github.com/FacileStudio/nacelle-tui/internal/toolview/input.go:94.3,94.31 1 1
github.com/FacileStudio/nacelle-tui/internal/toolview/input.go:94.31,96.4 1 1
github.com/FacileStudio/nacelle-tui/internal/toolview/input.go:97.3,97.51 1 1
github.com/FacileStudio/nacelle-tui/internal/toolview/input.go:97.51,99.4 1 1
github.com/FacileStudio/nacelle-tui/internal/toolview/line.go:19.43,20.16 1 1
github.com/FacileStudio/nacelle-tui/internal/toolview/line.go:20.16,22.3 1 1
github.com/FacileStudio/nacelle-tui/internal/toolview/line.go:23.2,23.39 1 1
github.com/FacileStudio/nacelle-tui/internal/toolview/line.go:27.53,31.2 3 1
github.com/FacileStudio/nacelle-tui/internal/toolview/line.go:34.38,36.37 2 1
github.com/FacileStudio/nacelle-tui/internal/toolview/line.go:36.37,38.3 1 1
github.com/FacileStudio/nacelle-tui/internal/toolview/line.go:39.2,39.36 1 1
github.com/FacileStudio/nacelle-tui/internal/toolview/line.go:39.36,41.3 1 1
github.com/FacileStudio/nacelle-tui/internal/toolview/line.go:43.2,43.34 1 1
github.com/FacileStudio/nacelle-tui/internal/toolview/line.go:43.34,44.33 1 1
github.com/FacileStudio/nacelle-tui/internal/toolview/line.go:44.33,46.4 1 1
github.com/FacileStudio/nacelle-tui/internal/toolview/line.go:48.2,48.22 1 1
github.com/FacileStudio/nacelle-tui/internal/toolview/line.go:48.22,49.30 1 1
github.com/FacileStudio/nacelle-tui/internal/toolview/line.go:49.30,51.4 1 1
github.com/FacileStudio/nacelle-tui/internal/toolview/line.go:53.2,53.11 1 1
github.com/FacileStudio/nacelle-tui/internal/toolview/line.go:56.42,58.51 2 1
github.com/FacileStudio/nacelle-tui/internal/toolview/line.go:58.51,60.3 1 1
github.com/FacileStudio/nacelle-tui/internal/toolview/line.go:62.2,63.52 2 1
github.com/FacileStudio/nacelle-tui/internal/toolview/line.go:63.52,65.3 1 0
github.com/FacileStudio/nacelle-tui/internal/toolview/line.go:66.2,66.60 1 1
github.com/FacileStudio/nacelle-tui/internal/theme/theme.go:13.33,15.2 1 1
github.com/FacileStudio/nacelle-tui/internal/theme/theme.go:49.78,59.2 1 1
github.com/FacileStudio/nacelle-tui/internal/theme/theme.go:61.103,73.2 1 1
github.com/FacileStudio/nacelle-tui/internal/theme/theme.go:76.32,83.10 6 1
github.com/FacileStudio/nacelle-tui/internal/theme/theme.go:83.10,85.3 1 1
github.com/FacileStudio/nacelle-tui/internal/theme/theme.go:87.2,91.3 1 1
github.com/FacileStudio/nacelle-tui/internal/theme/theme.go:95.62,100.16 2 1
github.com/FacileStudio/nacelle-tui/internal/theme/theme.go:100.16,102.3 1 0
github.com/FacileStudio/nacelle-tui/internal/theme/theme.go:103.2,103.17 1 1
[...]
github.com/FacileStudio/nacelle-tui/internal/tui/settle.go:184.31,185.32 1 0
github.com/FacileStudio/nacelle-tui/internal/tui/settle.go:185.32,187.4 1 0
github.com/FacileStudio/nacelle-tui/internal/tui/settle.go:189.2,189.14 1 1
github.com/FacileStudio/nacelle-tui/internal/tui/settle.go:193.39,195.16 2 0
github.com/FacileStudio/nacelle-tui/internal/tui/settle.go:195.16,197.3 1 0
github.com/FacileStudio/nacelle-tui/internal/tui/settle.go:198.2,199.31 2 0
github.com/FacileStudio/nacelle-tui/internal/tui/settle.go:199.31,200.32 1 0
github.com/FacileStudio/nacelle-tui/internal/tui/settle.go:200.32,202.4 1 0
github.com/FacileStudio/nacelle-tui/internal/tui/settle.go:204.2,204.14 1 0
github.com/FacileStudio/nacelle-tui/internal/tui/settle.go:205.13,206.12 1 0
github.com/FacileStudio/nacelle-tui/internal/tui/settle.go:207.9,208.94 1 0
github.com/FacileStudio/nacelle-tui/internal/tui/settle.go:209.10,210.103 1 0
github.com/FacileStudio/nacelle-tui/internal/tui/settle.go:231.45,232.17 1 0
github.com/FacileStudio/nacelle-tui/internal/tui/settle.go:232.17,234.3 1 0
github.com/FacileStudio/nacelle-tui/internal/tui/settle.go:235.2,235.20 1 0
github.com/FacileStudio/nacelle-tui/internal/tui/settle.go:235.20,237.3 1 0
github.com/FacileStudio/nacelle-tui/internal/tui/settle.go:238.2,238.36 1 0
github.com/FacileStudio/nacelle-tui/internal/tui/status.go:17.33,20.44 3 1
github.com/FacileStudio/nacelle-tui/internal/tui/status.go:20.44,23.3 2 1
github.com/FacileStudio/nacelle-tui/internal/tui/status.go:24.2,24.16 1 1
github.com/FacileStudio/nacelle-tui/internal/tui/status.go:24.16,27.48 3 1
github.com/FacileStudio/nacelle-tui/internal/tui/status.go:27.48,29.4 1 1
github.com/FacileStudio/nacelle-tui/internal/tui/status.go:31.2,31.26 1 1
github.com/FacileStudio/nacelle-tui/internal/tui/status.go:31.26,34.3 1 1
github.com/FacileStudio/nacelle-tui/internal/tui/status.go:36.2,36.51 1 1
github.com/FacileStudio/nacelle-tui/internal/tui/status.go:36.51,39.3 2 0
github.com/FacileStudio/nacelle-tui/internal/tui/status.go:41.2,44.13 4 1
github.com/FacileStudio/nacelle-tui/internal/tui/status.go:44.13,46.3 1 1
github.com/FacileStudio/nacelle-tui/internal/tui/status.go:47.2,47.73 1 1
github.com/FacileStudio/nacelle-tui/internal/tui/status.go:50.35,54.20 3 1
github.com/FacileStudio/nacelle-tui/internal/tui/status.go:54.20,56.3 1 1
github.com/FacileStudio/nacelle-tui/internal/tui/status.go:57.2,60.31 2 1
github.com/FacileStudio/nacelle-tui/internal/tui/status.go:60.31,62.3 1 1
github.com/FacileStudio/nacelle-tui/internal/tui/status.go:63.2,63.16 1 1
github.com/FacileStudio/nacelle-tui/internal/tui/status.go:63.16,65.3 1 0
github.com/FacileStudio/nacelle-tui/internal/tui/status.go:66.2,66.19 1 1
github.com/FacileStudio/nacelle-tui/internal/tui/status.go:66.19,68.3 1 0
github.com/FacileStudio/nacelle-tui/internal/tui/status.go:69.2,69.14 1 1
github.com/FacileStudio/nacelle-tui/internal/tui/status.go:72.34,73.18 1 1
github.com/FacileStudio/nacelle-tui/internal/tui/status.go:73.18,75.3 1 0
github.com/FacileStudio/nacelle-tui/internal/tui/status.go:76.2,78.29 3 1
github.com/FacileStudio/nacelle-tui/internal/tui/status.go:79.9,79.9 0 1
github.com/FacileStudio/nacelle-tui/internal/tui/status.go:80.9,82.9 2 1
github.com/FacileStudio/nacelle-tui/internal/tui/status.go:82.9,85.4 2 1
github.com/FacileStudio/nacelle-tui/internal/tui/status.go:86.10,88.22 2 1
github.com/FacileStudio/nacelle-tui/internal/tui/status.go:90.2,90.39 1 1
github.com/FacileStudio/nacelle-tui/internal/tui/status.go:90.39,92.3 1 1
github.com/FacileStudio/nacelle-tui/internal/tui/status.go:93.2,93.49 1 1
github.com/FacileStudio/nacelle-tui/internal/tui/status.go:96.31,98.33 2 1
github.com/FacileStudio/nacelle-tui/internal/tui/status.go:98.33,99.21 1 1
github.com/FacileStudio/nacelle-tui/internal/tui/status.go:99.21,101.4 1 1
github.com/FacileStudio/nacelle-tui/internal/tui/status.go:103.2,103.10 1 1
github.com/FacileStudio/nacelle-tui/internal/tui/status.go:106.46,107.33 1 1
github.com/FacileStudio/nacelle-tui/internal/tui/status.go:107.33,108.21 1 1
github.com/FacileStudio/nacelle-tui/internal/tui/status.go:108.21,110.4 1 1
github.com/FacileStudio/nacelle-tui/internal/tui/status.go:112.2,112.18 1 0
github.com/FacileStudio/nacelle-tui/internal/tui/status.go:115.34,116.41 1 1
github.com/FacileStudio/nacelle-tui/internal/tui/status.go:116.41,118.3 1 1
github.com/FacileStudio/nacelle-tui/internal/tui/status.go:119.2,119.40 1 1
github.com/FacileStudio/nacelle-tui/internal/tui/status.go:122.55,124.2 1 1
github.com/FacileStudio/nacelle-tui/internal/tui/status.go:126.41,127.35 1 1
github.com/FacileStudio/nacelle-tui/internal/tui/status.go:127.35,129.3 1 1
github.com/FacileStudio/nacelle-tui/internal/tui/status.go:130.2,130.14 1 1
github.com/FacileStudio/nacelle-tui/internal/tui/status.go:131.29,132.38 1 1
github.com/FacileStudio/nacelle-tui/internal/tui/status.go:133.27,134.35 1 1
github.com/FacileStudio/nacelle-tui/internal/tui/status.go:135.27,136.32 1 1
github.com/FacileStudio/nacelle-tui/internal/tui/status.go:137.30,138.42 1 1
github.com/FacileStudio/nacelle-tui/internal/tui/status.go:139.17,140.21 1 1
github.com/FacileStudio/nacelle-tui/internal/tui/status.go:142.2,142.24 1 1
github.com/FacileStudio/nacelle-tui/internal/tui/stream.go:27.101,30.12 2 1
github.com/FacileStudio/nacelle-tui/internal/tui/stream.go:30.12,32.59 2 1
github.com/FacileStudio/nacelle-tui/internal/tui/stream.go:32.59,33.11 1 1
github.com/FacileStudio/nacelle-tui/internal/tui/stream.go:34.51,34.51 0 0
github.com/FacileStudio/nacelle-tui/internal/tui/stream.go:35.22,36.11 1 1
github.com/FacileStudio/nacelle-tui/internal/tui/stream.go:38.4,38.18 1 0
github.com/FacileStudio/nacelle-tui/internal/tui/stream.go:38.18,40.5 1 0
github.com/FacileStudio/nacelle-tui/internal/tui/stream.go:44.2,44.16 1 1
github.com/FacileStudio/nacelle-tui/internal/tui/stream.go:48.45,49.24 1 1
github.com/FacileStudio/nacelle-tui/internal/tui/stream.go:49.24,51.12 2 1
github.com/FacileStudio/nacelle-tui/internal/tui/stream.go:51.12,53.4 1 1
github.com/FacileStudio/nacelle-tui/internal/tui/stream.go:54.3,54.14 1 0
github.com/FacileStudio/nacelle-tui/internal/tui/stream.go:58.45,59.138 1 1
github.com/FacileStudio/nacelle-tui/internal/tui/stream.go:59.138,61.3 1 1
github.com/FacileStudio/nacelle-tui/internal/tui/stream.go:62.2,62.20 1 1
github.com/FacileStudio/nacelle-tui/internal/tui/stream.go:63.24,68.23 5 1
github.com/FacileStudio/nacelle-tui/internal/tui/stream.go:69.28,71.17 2 1
github.com/FacileStudio/nacelle-tui/internal/tui/stream.go:71.17,73.4 1 1
github.com/FacileStudio/nacelle-tui/internal/tui/stream.go:75.28,76.32 1 1
github.com/FacileStudio/nacelle-tui/internal/tui/stream.go:77.30,79.25 2 1
github.com/FacileStudio/nacelle-tui/internal/tui/stream.go:80.24,81.16 1 1
github.com/FacileStudio/nacelle-tui/internal/tui/stream.go:82.24,86.14 4 1
github.com/FacileStudio/nacelle-tui/internal/tui/stream.go:90.56,95.17 5 1
github.com/FacileStudio/nacelle-tui/internal/tui/stream.go:95.17,96.71 1 0
github.com/FacileStudio/nacelle-tui/internal/tui/stream.go:96.71,98.4 1 0
github.com/FacileStudio/nacelle-tui/internal/tui/stream.go:102.36,105.13 3 1
github.com/FacileStudio/nacelle-tui/internal/tui/stream.go:105.13,107.3 1 1
github.com/FacileStudio/nacelle-tui/internal/tui/stream.go:108.2,115.20 6 1
github.com/FacileStudio/nacelle-tui/internal/tui/stream.go:115.20,117.3 1 1
github.com/FacileStudio/nacelle-tui/internal/tui/stream.go:120.35,123.13 3 1
github.com/FacileStudio/nacelle-tui/internal/tui/stream.go:123.13,125.3 1 1
github.com/FacileStudio/nacelle-tui/internal/tui/stream.go:126.2,132.20 5 0
github.com/FacileStudio/nacelle-tui/internal/tui/stream.go:132.20,136.3 3 0
github.com/FacileStudio/nacelle-tui/internal/tui/stream.go:143.33,144.24 1 1
github.com/FacileStudio/nacelle-tui/internal/tui/stream.go:144.24,146.3 1 0
github.com/FacileStudio/nacelle-tui/internal/tui/stream.go:149.65,152.2 2 1
github.com/FacileStudio/nacelle-tui/internal/tui/toolresult.go:45.51,46.20 1 1
github.com/FacileStudio/nacelle-tui/internal/tui/toolresult.go:46.20,48.3 1 1
github.com/FacileStudio/nacelle-tui/internal/tui/toolresult.go:49.2,50.11 2 1
github.com/FacileStudio/nacelle-tui/internal/tui/toolresult.go:50.11,52.3 1 1
github.com/FacileStudio/nacelle-tui/internal/tui/toolresult.go:54.2,57.21 3 1
github.com/FacileStudio/nacelle-tui/internal/tui/toolresult.go:57.21,59.3 1 1
github.com/FacileStudio/nacelle-tui/internal/tui/toolresult.go:61.2,61.36 1 1
github.com/FacileStudio/nacelle-tui/internal/tui/toolresult.go:61.36,63.3 1 1
github.com/FacileStudio/nacelle-tui/internal/tui/toolresult.go:65.2,65.39 1 1
github.com/FacileStudio/nacelle-tui/internal/tui/toolresult.go:65.39,67.3 1 1
github.com/FacileStudio/nacelle-tui/internal/tui/toolresult.go:69.2,69.21 1 1
github.com/FacileStudio/nacelle-tui/internal/tui/toolresult.go:69.21,72.3 2 1
github.com/FacileStudio/nacelle-tui/internal/tui/toolresult.go:74.2,76.23 3 1
github.com/FacileStudio/nacelle-tui/internal/tui/toolresult.go:79.72,81.30 2 1
github.com/FacileStudio/nacelle-tui/internal/tui/toolresult.go:81.30,83.3 1 1
github.com/FacileStudio/nacelle-tui/internal/tui/toolresult.go:84.2,85.14 2 1
github.com/FacileStudio/nacelle-tui/internal/tui/toolresult.go:85.14,87.3 1 1
github.com/FacileStudio/nacelle-tui/internal/tui/toolresult.go:87.8,89.3 1 1
github.com/FacileStudio/nacelle-tui/internal/tui/toolresult.go:90.2,90.31 1 1
github.com/FacileStudio/nacelle-tui/internal/tui/toolresult.go:90.31,92.3 1 1
github.com/FacileStudio/nacelle-tui/internal/tui/toolresult.go:93.2,93.13 1 1
github.com/FacileStudio/nacelle-tui/internal/tui/toolresult.go:96.84,100.20 4 1
github.com/FacileStudio/nacelle-tui/internal/tui/toolresult.go:100.20,103.3 2 0
github.com/FacileStudio/nacelle-tui/internal/tui/toolresult.go:104.2,109.25 3 1
github.com/FacileStudio/nacelle-tui/internal/tui/toolresult.go:109.25,110.97 1 1
github.com/FacileStudio/nacelle-tui/internal/tui/toolresult.go:110.97,113.4 2 0
github.com/FacileStudio/nacelle-tui/internal/tui/toolresult.go:113.9,115.4 1 1
github.com/FacileStudio/nacelle-tui/internal/tui/toolresult.go:117.2,118.30 2 1
github.com/FacileStudio/nacelle-tui/internal/tui/toolresult.go:118.30,120.18 2 1
github.com/FacileStudio/nacelle-tui/internal/tui/toolresult.go:120.18,122.4 1 0
github.com/FacileStudio/nacelle-tui/internal/tui/toolresult.go:123.3,124.53 2 1
github.com/FacileStudio/nacelle-tui/internal/tui/toolresult.go:126.2,126.62 1 1
github.com/FacileStudio/nacelle-tui/internal/tui/toolresult.go:129.39,131.13 2 1
github.com/FacileStudio/nacelle-tui/internal/tui/toolresult.go:131.13,133.3 1 1
github.com/FacileStudio/nacelle-tui/internal/tui/toolresult.go:134.2,135.47 2 1
github.com/FacileStudio/nacelle-tui/internal/tui/toolresult.go:135.47,137.3 1 0
github.com/FacileStudio/nacelle-tui/internal/tui/toolresult.go:138.2,138.68 1 1
github.com/FacileStudio/nacelle-tui/internal/tui/toolresult.go:138.68,140.3 1 1
github.com/FacileStudio/nacelle-tui/internal/tui/toolresult.go:146.57,147.11 1 1
github.com/FacileStudio/nacelle-tui/internal/tui/toolresult.go:147.11,149.3 1 1
github.com/FacileStudio/nacelle-tui/internal/tui/toolresult.go:150.2,150.34 1 1
github.com/FacileStudio/nacelle-tui/internal/tui/toolresult.go:157.68,159.71 2 1
github.com/FacileStudio/nacelle-tui/internal/tui/toolresult.go:159.71,163.3 3 1
github.com/FacileStudio/nacelle-tui/internal/tui/toolresult.go:164.2,171.3 2 1
github.com/FacileStudio/nacelle-tui/internal/tui/toolresult.go:177.33,178.31 1 1
github.com/FacileStudio/nacelle-tui/internal/tui/toolresult.go:178.31,180.3 1 1
github.com/FacileStudio/nacelle-tui/internal/tui/toolresult.go:182.2,184.31 3 1
github.com/FacileStudio/nacelle-tui/internal/tui/toolresult.go:184.31,186.3 1 1
github.com/FacileStudio/nacelle-tui/internal/tui/toolresult.go:186.8,188.3 1 1
github.com/FacileStudio/nacelle-tui/internal/tui/toolresult.go:189.2,193.36 5 1
github.com/FacileStudio/nacelle-tui/internal/tui/toolresult.go:207.28,209.33 2 1
github.com/FacileStudio/nacelle-tui/internal/tui/toolresult.go:209.33,210.22 1 1
github.com/FacileStudio/nacelle-tui/internal/tui/toolresult.go:210.22,211.12 1 1
github.com/FacileStudio/nacelle-tui/internal/tui/toolresult.go:213.3,213.40 1 1
github.com/FacileStudio/nacelle-tui/internal/tui/toolresult.go:215.2,216.39 2 1
github.com/FacileStudio/nacelle-tui/internal/tui/transcript.go:62.47,65.2 2 1
github.com/FacileStudio/nacelle-tui/internal/tui/transcript.go:80.34,81.27 1 1
github.com/FacileStudio/nacelle-tui/internal/tui/transcript.go:81.27,83.3 1 1
github.com/FacileStudio/nacelle-tui/internal/tui/transcript.go:84.2,86.24 3 1
github.com/FacileStudio/nacelle-tui/internal/tui/transcript.go:112.56,114.13 2 1
github.com/FacileStudio/nacelle-tui/internal/tui/transcript.go:115.18,116.52 1 1
github.com/FacileStudio/nacelle-tui/internal/tui/transcript.go:117.17,118.26 1 1
github.com/FacileStudio/nacelle-tui/internal/tui/transcript.go:119.20,120.52 1 1
github.com/FacileStudio/nacelle-tui/internal/tui/transcript.go:121.16,122.40 1 1
github.com/FacileStudio/nacelle-tui/internal/tui/transcript.go:123.18,124.59 1 1
github.com/FacileStudio/nacelle-tui/internal/tui/transcript.go:125.16,126.14 1 1
github.com/FacileStudio/nacelle-tui/internal/tui/transcript.go:127.19,128.51 1 1
github.com/FacileStudio/nacelle-tui/internal/tui/transcript.go:129.16,130.36 1 1
github.com/FacileStudio/nacelle-tui/internal/tui/transcript.go:131.10,132.37 1 1
github.com/FacileStudio/nacelle-tui/internal/tui/transcript.go:158.38,160.60 2 1
github.com/FacileStudio/nacelle-tui/internal/tui/transcript.go:160.60,163.17 3 1
github.com/FacileStudio/nacelle-tui/internal/tui/transcript.go:163.17,165.4 1 0
github.com/FacileStudio/nacelle-tui/internal/tui/transcript.go:166.3,166.29 1 1
github.com/FacileStudio/nacelle-tui/internal/tui/transcript.go:169.2,169.51 1 1
github.com/FacileStudio/nacelle-tui/internal/tui/transcript.go:169.51,171.3 1 0
github.com/FacileStudio/nacelle-tui/internal/tui/transcript.go:172.2,173.38 2 1
github.com/FacileStudio/nacelle-tui/internal/tui/transcript.go:173.38,175.3 1 0
github.com/FacileStudio/nacelle-tui/internal/tui/transcript.go:176.2,177.20 2 1
github.com/FacileStudio/nacelle-tui/internal/tui/transcript.go:177.20,179.3 1 1
github.com/FacileStudio/nacelle-tui/internal/tui/transcript.go:181.2,181.54 1 1
github.com/FacileStudio/nacelle-tui/internal/tui/transcript.go:187.43,189.33 2 1
github.com/FacileStudio/nacelle-tui/internal/tui/transcript.go:189.33,190.22 1 0
github.com/FacileStudio/nacelle-tui/internal/tui/transcript.go:190.22,191.12 1 0
github.com/FacileStudio/nacelle-tui/internal/tui/transcript.go:193.3,194.17 2 0
github.com/FacileStudio/nacelle-tui/internal/tui/transcript.go:194.17,195.12 1 0
github.com/FacileStudio/nacelle-tui/internal/tui/transcript.go:197.3,197.58 1 0
github.com/FacileStudio/nacelle-tui/internal/tui/transcript.go:199.2,199.15 1 1
github.com/FacileStudio/nacelle-tui/internal/tui/transcript.go:202.27,204.2 1 1
github.com/FacileStudio/nacelle-tui/internal/tui/transcript.go:206.46,208.2 1 1
github.com/FacileStudio/nacelle-tui/internal/tui/transcript.go:210.45,211.12 1 0
github.com/FacileStudio/nacelle-tui/internal/tui/transcript.go:211.12,213.3 1 0
github.com/FacileStudio/nacelle-tui/internal/tui/transcript.go:214.2,214.39 1 0
github.com/FacileStudio/nacelle-tui/internal/tui/turn.go:14.43,25.2 10 1
github.com/FacileStudio/nacelle-tui/internal/tui/turn.go:27.30,29.29 2 1
github.com/FacileStudio/nacelle-tui/internal/tui/turn.go:29.29,31.3 1 1
github.com/FacileStudio/nacelle-tui/internal/tui/turn.go:32.2,35.16 4 0
github.com/FacileStudio/nacelle-tui/internal/tui/turn.go:35.16,37.3 1 0
github.com/FacileStudio/nacelle-tui/internal/tui/turn.go:40.58,42.31 2 1
github.com/FacileStudio/nacelle-tui/internal/tui/turn.go:42.31,44.3 1 1
github.com/FacileStudio/nacelle-tui/internal/tui/turn.go:44.8,44.34 1 1
github.com/FacileStudio/nacelle-tui/internal/tui/turn.go:44.34,46.3 1 0
github.com/FacileStudio/nacelle-tui/internal/tui/turn.go:47.2,48.15 2 1
github.com/FacileStudio/nacelle-tui/internal/tui/turn.go:48.15,50.3 1 1
github.com/FacileStudio/nacelle-tui/internal/tui/turn.go:51.2,53.17 3 1
github.com/FacileStudio/nacelle-tui/internal/tui/turn.go:53.17,55.3 1 0
github.com/FacileStudio/nacelle-tui/internal/tui/turn.go:56.2,57.20 2 1
github.com/FacileStudio/nacelle-tui/internal/tui/turn.go:57.20,59.3 1 1
github.com/FacileStudio/nacelle-tui/internal/tui/turn.go:60.2,60.37 1 1
github.com/FacileStudio/nacelle-tui/internal/tui/turn.go:63.33,67.54 3 1
github.com/FacileStudio/nacelle-tui/internal/tui/turn.go:67.54,73.17 5 1
github.com/FacileStudio/nacelle-tui/internal/tui/turn.go:73.17,74.23 1 1
github.com/FacileStudio/nacelle-tui/internal/tui/turn.go:74.23,76.5 1 1
github.com/FacileStudio/nacelle-tui/internal/tui/turn.go:77.9,79.4 1 1
github.com/FacileStudio/nacelle-tui/internal/tui/turn.go:83.32,88.36 4 1
github.com/FacileStudio/nacelle-tui/internal/tui/turn.go:88.36,90.3 1 1
github.com/FacileStudio/nacelle-tui/internal/tui/turn.go:91.2,94.21 4 1
github.com/FacileStudio/nacelle-tui/internal/tui/turn.go:94.21,96.3 1 1
github.com/FacileStudio/nacelle-tui/internal/tui/turn.go:97.2,97.13 1 1
github.com/FacileStudio/nacelle-tui/internal/tui/turn.go:100.42,104.9 3 1
github.com/FacileStudio/nacelle-tui/internal/tui/turn.go:105.38,106.34 1 1
github.com/FacileStudio/nacelle-tui/internal/tui/turn.go:107.18,108.65 1 1
github.com/FacileStudio/nacelle-tui/internal/tui/turn.go:109.10,110.74 1 1
github.com/FacileStudio/nacelle-tui/internal/tui/turn.go:112.2,112.18 1 1
github.com/FacileStudio/nacelle-tui/internal/tui/turn.go:115.27,116.24 1 1
github.com/FacileStudio/nacelle-tui/internal/tui/turn.go:116.24,118.3 1 0
github.com/FacileStudio/nacelle-tui/internal/tui/turn.go:121.64,126.2 4 0
github.com/FacileStudio/nacelle-tui/internal/tui/view.go:24.33,36.2 11 1
github.com/FacileStudio/nacelle-tui/internal/tui/view.go:38.52,39.26 1 1
github.com/FacileStudio/nacelle-tui/internal/tui/view.go:39.26,41.3 1 1
github.com/FacileStudio/nacelle-tui/internal/tui/view.go:42.2,42.13 1 1
github.com/FacileStudio/nacelle-tui/internal/tui/view.go:45.31,47.20 2 1
github.com/FacileStudio/nacelle-tui/internal/tui/view.go:47.20,49.3 1 0
github.com/FacileStudio/nacelle-tui/internal/tui/view.go:50.2,53.25 3 1
github.com/FacileStudio/nacelle-tui/internal/tui/view.go:53.25,56.3 2 0
github.com/FacileStudio/nacelle-tui/internal/tui/view.go:57.2,59.10 3 1
github.com/FacileStudio/nacelle-tui/internal/tui/view.go:59.10,61.3 1 0
github.com/FacileStudio/nacelle-tui/internal/tui/view.go:62.2,62.29 1 1
github.com/FacileStudio/nacelle-tui/internal/tui/view.go:65.47,69.41 3 1
github.com/FacileStudio/nacelle-tui/internal/tui/view.go:69.41,71.3 1 1
github.com/FacileStudio/nacelle-tui/internal/tui/view.go:71.8,73.3 1 1
github.com/FacileStudio/nacelle-tui/internal/tui/view.go:74.2,74.42 1 1
github.com/FacileStudio/nacelle-tui/internal/tui/view.go:77.33,80.20 3 1
github.com/FacileStudio/nacelle-tui/internal/tui/view.go:80.20,82.3 1 0
github.com/FacileStudio/nacelle-tui/internal/tui/view.go:83.2,88.20 6 1
github.com/FacileStudio/nacelle-tui/internal/tui/view.go:88.20,90.3 1 0
github.com/FacileStudio/nacelle-tui/internal/tui/view.go:91.2,96.52 5 1
github.com/FacileStudio/nacelle-tui/internal/tui/view.go:96.52,99.3 2 1
github.com/FacileStudio/nacelle-tui/internal/tui/view.go:100.2,100.13 1 1
github.com/FacileStudio/nacelle-tui/internal/tui/view.go:103.56,112.18 7 1
github.com/FacileStudio/nacelle-tui/internal/tui/view.go:112.18,114.3 1 1
github.com/FacileStudio/nacelle-tui/internal/tui/view.go:115.2,115.12 1 1
github.com/FacileStudio/nacelle-tui/internal/tui/view.go:118.36,121.2 2 1
github.com/FacileStudio/nacelle-tui/internal/tui/view.go:123.46,127.32 4 1
github.com/FacileStudio/nacelle-tui/internal/tui/view.go:127.32,129.3 1 1
github.com/FacileStudio/nacelle-tui/internal/tui/view.go:130.2,130.20 1 1
github.com/FacileStudio/nacelle-tui/internal/tui/view.go:130.20,132.3 1 1
github.com/FacileStudio/nacelle-tui/internal/tui/view.go:133.2,133.30 1 1
